12:23:53:883 main.ts
12:23:53:927 main.ts
12:23:53:929 [
  'Configuration',
  {
    token: 'c7f14f4e4339dd99b0ef31e118f722e94fbd1012d8045eb7bab291d12eb4ce85a0',
    urlRest: 'http://192.168.149.209:8000',
    nDevices: 4,
    device1: 'COM4',
    device2: 'COM29',
    device3: 'COM6',
    device4: 'COM36',
    device5: ''
  }
]
12:23:54:082 [
  'CURRENTWORK',
  {
    id: 2,
    weorder: 188,
    implement: 31,
    work: 5,
    lot: 4,
    worker: 3,
    date: '2024-07-11 5:29:36',
    configuration: '{"id":62,"unit":1,"work":5,"speed":9.36,"width":3.6,"volume":2000,"consume":1000,"nozzles":[{"type":1,"color":7,"number":1},{"type":1,"color":7,"number":2},{"type":1,"color":7,"number":3},{"type":1,"color":7,"number":4},{"type":1,"color":7,"number":5},{"type":1,"color":7,"number":6},{"type":1,"color":7,"number":7},{"type":1,"color":7,"number":8},{"type":1,"color":7,"number":9},{"type":1,"color":7,"number":10},{"type":1,"color":7,"number":11},{"type":1,"color":7,"number":12},{"type":1,"color":7,"number":13},{"type":1,"color":7,"number":14},{"type":1,"color":7,"number":15},{"type":1,"color":7,"number":16},{"type":1,"color":7,"number":17},{"type":1,"color":7,"number":18},{"type":1,"color":7,"number":19},{"type":1,"color":7,"number":20},{"type":1,"color":7,"number":21},{"type":1,"color":7,"number":22},{"type":1,"color":7,"number":23},{"type":1,"color":7,"number":24},{"type":1,"color":7,"number":25},{"type":1,"color":7,"number":26},{"type":1,"color":6,"number":27},{"type":1,"color":6,"number":28},{"type":1,"color":6,"number":29},{"type":1,"color":6,"number":30},{"type":1,"color":6,"number":31},{"type":1,"color":6,"number":32},{"type":12,"color":6,"number":33},{"type":12,"color":6,"number":34},{"type":12,"color":6,"number":35},{"type":12,"color":6,"number":36}],"humidity":37,"pressure":10,"wind_kmh":6.8,"water_flow":56.14,"description":"foliar 10","temperature":22.8,"type_implement":1}',
    working_time: '2024-07-16T05:04:42.000Z',
    downtime: '2024-07-16T06:58:22.000Z',
    hectare: 5,
    cultivation: 1,
    product: '[1,3]',
    supervisor: 2,
    is_finished: 0,
    id_from_server: 0,
    sended: 0,
    execution_from: 1
  }
]
13:31:46:877 main.ts
13:31:46:922 main.ts
13:31:46:924 [
  'Configuration',
  {
    token: 'c7f14f4e4339dd99b0ef31e118f722e94fbd1012d8045eb7bab291d12eb4ce85a0',
    urlRest: 'http://192.168.149.209:8000',
    nDevices: 4,
    device1: 'COM4',
    device2: 'COM29',
    device3: 'COM6',
    device4: 'COM36',
    device5: ''
  }
]
13:31:47:077 [
  'CURRENTWORK',
  {
    id: 2,
    weorder: 188,
    implement: 31,
    work: 5,
    lot: 4,
    worker: 3,
    date: '2024-07-11 5:29:36',
    configuration: '{"id":62,"unit":1,"work":5,"speed":9.36,"width":3.6,"volume":2000,"consume":1000,"nozzles":[{"type":1,"color":7,"number":1},{"type":1,"color":7,"number":2},{"type":1,"color":7,"number":3},{"type":1,"color":7,"number":4},{"type":1,"color":7,"number":5},{"type":1,"color":7,"number":6},{"type":1,"color":7,"number":7},{"type":1,"color":7,"number":8},{"type":1,"color":7,"number":9},{"type":1,"color":7,"number":10},{"type":1,"color":7,"number":11},{"type":1,"color":7,"number":12},{"type":1,"color":7,"number":13},{"type":1,"color":7,"number":14},{"type":1,"color":7,"number":15},{"type":1,"color":7,"number":16},{"type":1,"color":7,"number":17},{"type":1,"color":7,"number":18},{"type":1,"color":7,"number":19},{"type":1,"color":7,"number":20},{"type":1,"color":7,"number":21},{"type":1,"color":7,"number":22},{"type":1,"color":7,"number":23},{"type":1,"color":7,"number":24},{"type":1,"color":7,"number":25},{"type":1,"color":7,"number":26},{"type":1,"color":6,"number":27},{"type":1,"color":6,"number":28},{"type":1,"color":6,"number":29},{"type":1,"color":6,"number":30},{"type":1,"color":6,"number":31},{"type":1,"color":6,"number":32},{"type":12,"color":6,"number":33},{"type":12,"color":6,"number":34},{"type":12,"color":6,"number":35},{"type":12,"color":6,"number":36}],"humidity":37,"pressure":10,"wind_kmh":6.8,"water_flow":56.14,"description":"foliar 10","temperature":22.8,"type_implement":1}',
    working_time: '2024-07-16T05:04:42.000Z',
    downtime: '2024-07-16T06:58:22.000Z',
    hectare: 5,
    cultivation: 1,
    product: '[1,3]',
    supervisor: 2,
    is_finished: 0,
    id_from_server: 0,
    sended: 0,
    execution_from: 1
  }
]
13:31:52:991 [ 'PRESION', { '3': 2.1004501930669957 } ]
13:31:53:997 [ 'CAUDAL', { '2': 0 } ]
13:31:54:001 [ 'Comando Regulador', '22|10' ]
13:31:54:004 [ 'DERECHA ACTIVADA', true ]
13:31:54:005 [ 'Comand', '21|1' ]
13:31:54:015 [ 'VOLUMEN', { '5': 0 } ]
13:31:54:021 [ 'PRESION', { '3': 2.1004501930669957 } ]
13:31:54:030 [ 'ENTRO A ESTA FUNCION' ]
13:31:55:001 [ 'CAUDAL', { '2': 0 } ]
13:31:55:006 [ 'VOLUMEN', { '5': 0 } ]
13:31:55:016 [ 'PRESION', { '3': 2.1004501930669957 } ]
13:31:56:003 [ 'CAUDAL', { '2': 0 } ]
13:31:56:008 [ 'VOLUMEN', { '5': 0 } ]
13:31:56:027 [ 'PRESION', { '3': 2.1004501930669957 } ]
13:31:57:007 [ 'CAUDAL', { '2': 0 } ]
13:31:57:011 [ 'VOLUMEN', { '5': 0 } ]
13:31:57:037 [ 'PRESION', { '3': 2.1004501930669957 } ]
13:31:58:011 [ 'CAUDAL', { '2': 0 } ]
13:31:58:014 [ 'VOLUMEN', { '5': 0 } ]
13:31:58:024 [ 'ENTRO A ESTA FUNCION' ]
13:31:58:051 [ 'PRESION', { '3': 2.1004501930669957 } ]
13:31:59:016 [ 'CAUDAL', { '2': 0 } ]
13:31:59:023 [ 'VOLUMEN', { '5': 0 } ]
13:31:59:063 [ 'PRESION', { '3': 2.1004501930669957 } ]
13:32:00:022 [ 'CAUDAL', { '2': 0 } ]
13:32:00:027 [ 'VOLUMEN', { '5': 0 } ]
13:32:00:075 [ 'PRESION', { '3': 9.800702132883153 } ]
13:32:01:028 [ 'CAUDAL', { '2': 0 } ]
13:32:01:033 [ 'VOLUMEN', { '5': 0 } ]
13:32:01:093 [ 'PRESION', { '3': 12.850801927225916 } ]
13:32:02:034 [ 'CAUDAL', { '2': 0 } ]
13:32:02:038 [ 'VOLUMEN', { '5': 0 } ]
13:32:02:049 [ 'ENTRO A ESTA FUNCION' ]
13:32:02:106 [ 'PRESION', { '3': 13.500823194872734 } ]
13:32:03:040 [ 'CAUDAL', { '2': 0 } ]
13:32:03:042 [ 'VOLUMEN', { '5': 0 } ]
13:32:03:117 [ 'PRESION', { '3': 13.550824830845567 } ]
13:32:04:045 [ 'CAUDAL', { '2': 0 } ]
13:32:04:047 [ 'VOLUMEN', { '5': 0 } ]
13:32:04:129 [ 'PRESION', { '3': 13.550824830845567 } ]
13:32:05:051 [ 'CAUDAL', { '2': 0 } ]
13:32:05:054 [ 'VOLUMEN', { '5': 0 } ]
13:32:05:142 [ 'PRESION', { '3': 13.500823194872734 } ]
13:32:06:057 [ 'CAUDAL', { '2': 0 } ]
13:32:06:060 [ 'VOLUMEN', { '5': 0 } ]
13:32:06:068 [ 'ENTRO A ESTA FUNCION' ]
13:32:06:154 [ 'PRESION', { '3': 13.500823194872734 } ]
13:32:07:063 [ 'CAUDAL', { '2': 0 } ]
13:32:07:066 [ 'VOLUMEN', { '5': 0 } ]
13:32:07:166 [ 'PRESION', { '3': 13.550824830845567 } ]
13:32:08:070 [ 'CAUDAL', { '2': 0 } ]
13:32:08:072 [ 'VOLUMEN', { '5': 0 } ]
13:32:08:179 [ 'PRESION', { '3': 13.550824830845567 } ]
13:32:09:076 [ 'CAUDAL', { '2': 0 } ]
13:32:09:078 [ 'VOLUMEN', { '5': 0 } ]
13:32:09:191 [ 'PRESION', { '3': 13.500823194872734 } ]
13:32:10:081 [ 'CAUDAL', { '2': 0 } ]
13:32:10:083 [ 'VOLUMEN', { '5': 0 } ]
13:32:10:092 [ 'ENTRO A ESTA FUNCION' ]
13:32:10:202 [ 'PRESION', { '3': 13.500823194872734 } ]
13:32:11:088 [ 'CAUDAL', { '2': 0 } ]
13:32:11:090 [ 'VOLUMEN', { '5': 0 } ]
13:32:11:214 [ 'PRESION', { '3': 13.550824830845567 } ]
13:32:12:096 [ 'CAUDAL', { '2': 0 } ]
13:32:12:098 [ 'VOLUMEN', { '5': 0 } ]
13:32:12:227 [ 'PRESION', { '3': 13.500823194872734 } ]
13:32:13:101 [ 'CAUDAL', { '2': 0 } ]
13:32:13:104 [ 'VOLUMEN', { '5': 0 } ]
13:32:13:239 [ 'PRESION', { '3': 13.500823194872734 } ]
13:32:14:107 [ 'CAUDAL', { '2': 0 } ]
13:32:14:110 [ 'VOLUMEN', { '5': 0 } ]
13:32:14:119 [ 'ENTRO A ESTA FUNCION' ]
13:32:14:251 [ 'PRESION', { '3': 13.550824830845567 } ]
13:32:15:114 [ 'CAUDAL', { '2': 0 } ]
13:32:15:116 [ 'VOLUMEN', { '5': 0 } ]
13:32:15:265 [ 'PRESION', { '3': 13.500823194872734 } ]
13:32:16:119 [ 'CAUDAL', { '2': 0 } ]
13:32:16:121 [ 'VOLUMEN', { '5': 0 } ]
13:32:16:279 [ 'PRESION', { '3': 13.500823194872734 } ]
13:32:17:126 [ 'CAUDAL', { '2': 0 } ]
13:32:17:128 [ 'VOLUMEN', { '5': 0 } ]
13:32:17:293 [ 'PRESION', { '3': 13.500823194872734 } ]
13:32:18:133 [ 'CAUDAL', { '2': 0 } ]
13:32:18:134 [ 'VOLUMEN', { '5': 0 } ]
13:32:18:145 [ 'ENTRO A ESTA FUNCION' ]
13:32:18:303 [ 'PRESION', { '3': 13.550824830845567 } ]
13:32:19:138 [ 'CAUDAL', { '2': 0 } ]
13:32:19:141 [ 'VOLUMEN', { '5': 0 } ]
13:32:19:315 [ 'PRESION', { '3': 13.500823194872734 } ]
13:32:20:144 [ 'CAUDAL', { '2': 0 } ]
13:32:20:146 [ 'VOLUMEN', { '5': 0 } ]
13:32:20:327 [ 'PRESION', { '3': 13.550824830845567 } ]
13:32:21:159 [ 'CAUDAL', { '2': 0 } ]
13:32:21:171 [ 'VOLUMEN', { '5': 0 } ]
13:32:21:339 [ 'PRESION', { '3': 13.550824830845567 } ]
13:32:22:201 [ 'CAUDAL', { '2': 0 } ]
13:32:22:204 [ 'VOLUMEN', { '5': 0 } ]
13:32:22:212 [ 'ENTRO A ESTA FUNCION' ]
13:32:22:352 [ 'PRESION', { '3': 13.550824830845567 } ]
13:32:23:162 [ 'CAUDAL', { '2': 0 } ]
13:32:23:164 [ 'VOLUMEN', { '5': 0 } ]
13:32:23:391 [ 'PRESION', { '3': 13.500823194872734 } ]
13:32:24:168 [ 'CAUDAL', { '2': 0 } ]
13:32:24:172 [ 'VOLUMEN', { '5': 0 } ]
13:32:24:376 [ 'PRESION', { '3': 13.500823194872734 } ]
13:32:25:174 [ 'CAUDAL', { '2': 0 } ]
13:32:25:177 [ 'VOLUMEN', { '5': 0 } ]
13:32:25:388 [ 'PRESION', { '3': 13.550824830845567 } ]
13:32:26:180 [ 'CAUDAL', { '2': 0 } ]
13:32:26:184 [ 'VOLUMEN', { '5': 0 } ]
13:32:26:402 [ 'PRESION', { '3': 13.500823194872734 } ]
13:32:27:186 [ 'CAUDAL', { '2': 0 } ]
13:32:27:190 [ 'VOLUMEN', { '5': 0 } ]
13:32:27:201 [ 'ENTRO A ESTA FUNCION' ]
13:32:27:413 [ 'PRESION', { '3': 13.500823194872734 } ]
13:32:28:194 [ 'CAUDAL', { '2': 0 } ]
13:32:28:197 [ 'VOLUMEN', { '5': 0 } ]
13:32:28:426 [ 'PRESION', { '3': 13.550824830845567 } ]
13:32:29:199 [ 'CAUDAL', { '2': 0 } ]
13:32:29:203 [ 'VOLUMEN', { '5': 0 } ]
13:32:29:438 [ 'PRESION', { '3': 13.550824830845567 } ]
13:32:30:207 [ 'CAUDAL', { '2': 0 } ]
13:32:30:210 [ 'VOLUMEN', { '5': 0 } ]
13:32:30:451 [ 'PRESION', { '3': 13.500823194872734 } ]
13:32:31:212 [ 'CAUDAL', { '2': 0 } ]
13:32:31:216 [ 'VOLUMEN', { '5': 0 } ]
13:32:31:225 [ 'ENTRO A ESTA FUNCION' ]
13:32:31:466 [ 'PRESION', { '3': 13.550824830845567 } ]
13:32:32:218 [ 'CAUDAL', { '2': 0 } ]
13:32:32:222 [ 'VOLUMEN', { '5': 0 } ]
13:32:32:475 [ 'PRESION', { '3': 13.550824830845567 } ]
13:32:33:225 [ 'CAUDAL', { '2': 0 } ]
13:32:33:228 [ 'VOLUMEN', { '5': 0 } ]
13:32:33:487 [ 'PRESION', { '3': 13.500823194872734 } ]
13:32:34:229 [ 'CAUDAL', { '2': 0 } ]
13:32:34:233 [ 'VOLUMEN', { '5': 0 } ]
13:32:34:500 [ 'PRESION', { '3': 13.550824830845567 } ]
13:32:35:236 [ 'CAUDAL', { '2': 0 } ]
13:32:35:239 [ 'VOLUMEN', { '5': 0 } ]
13:32:35:249 [ 'ENTRO A ESTA FUNCION' ]
13:32:35:513 [ 'PRESION', { '3': 13.550824830845567 } ]
13:32:36:243 [ 'CAUDAL', { '2': 0 } ]
13:32:36:246 [ 'VOLUMEN', { '5': 0 } ]
13:32:36:524 [ 'PRESION', { '3': 13.500823194872734 } ]
13:32:37:250 [ 'CAUDAL', { '2': 0 } ]
13:32:37:251 [ 'VOLUMEN', { '5': 0 } ]
13:32:37:536 [ 'PRESION', { '3': 13.500823194872734 } ]
13:32:38:255 [ 'CAUDAL', { '2': 0 } ]
13:32:38:258 [ 'VOLUMEN', { '5': 0 } ]
13:32:38:548 [ 'PRESION', { '3': 13.550824830845567 } ]
13:32:39:262 [ 'CAUDAL', { '2': 0 } ]
13:32:39:265 [ 'VOLUMEN', { '5': 0 } ]
13:32:39:276 [ 'ENTRO A ESTA FUNCION' ]
13:32:39:562 [ 'PRESION', { '3': 13.550824830845567 } ]
13:32:40:268 [ 'CAUDAL', { '2': 0 } ]
13:32:40:271 [ 'VOLUMEN', { '5': 0 } ]
13:32:40:575 [ 'PRESION', { '3': 13.500823194872734 } ]
13:32:41:303 [ 'CAUDAL', { '2': 0 } ]
13:32:41:305 [ 'VOLUMEN', { '5': 0 } ]
13:32:41:585 [ 'PRESION', { '3': 13.500823194872734 } ]
13:32:42:360 [ 'CAUDAL', { '2': 0 } ]
13:32:42:362 [ 'VOLUMEN', { '5': 0 } ]
13:32:42:705 [ 'PRESION', { '3': 13.500823194872734 } ]
13:32:43:398 [ 'CAUDAL', { '2': 0 } ]
13:32:43:400 [ 'VOLUMEN', { '5': 0 } ]
13:32:43:409 [ 'ENTRO A ESTA FUNCION' ]
13:32:43:610 [ 'PRESION', { '3': 13.550824830845567 } ]
13:34:07:203 [ 'PRESION', { '3': 13.5 } ]
13:34:08:208 [ 'CAUDAL', { '2': 0 } ]
13:34:08:215 [ 'VOLUMEN', { '5': 0 } ]
13:34:08:219 [ 'PRESION', { '3': 13.5 } ]
13:34:08:233 [ 'ENTRO A ESTA FUNCION' ]
13:34:09:211 [ 'CAUDAL', { '2': 0 } ]
13:34:09:217 [ 'VOLUMEN', { '5': 0 } ]
13:34:09:227 [ 'PRESION', { '3': 13.5 } ]
13:34:10:214 [ 'CAUDAL', { '2': 0 } ]
13:34:10:219 [ 'VOLUMEN', { '5': 0 } ]
13:34:10:237 [ 'PRESION', { '3': 13.5 } ]
13:34:11:218 [ 'CAUDAL', { '2': 0 } ]
13:34:11:226 [ 'VOLUMEN', { '5': 0 } ]
13:34:11:248 [ 'PRESION', { '3': 13.5 } ]
13:34:12:222 [ 'CAUDAL', { '2': 0 } ]
13:34:12:229 [ 'VOLUMEN', { '5': 0 } ]
13:34:12:244 [ 'ENTRO A ESTA FUNCION' ]
13:34:12:259 [ 'PRESION', { '3': 13.5 } ]
13:34:13:227 [ 'CAUDAL', { '2': 0 } ]
13:34:13:231 [ 'VOLUMEN', { '5': 0 } ]
13:34:13:271 [ 'PRESION', { '3': 13.5 } ]
13:34:14:234 [ 'CAUDAL', { '2': 0 } ]
13:34:14:241 [ 'VOLUMEN', { '5': 0 } ]
13:34:14:285 [ 'PRESION', { '3': 13.55 } ]
13:34:15:241 [ 'CAUDAL', { '2': 0 } ]
13:34:15:250 [ 'VOLUMEN', { '5': 0 } ]
13:34:15:301 [ 'PRESION', { '3': 13.5 } ]
13:34:16:248 [ 'CAUDAL', { '2': 0 } ]
13:34:16:254 [ 'VOLUMEN', { '5': 0 } ]
13:34:16:265 [ 'ENTRO A ESTA FUNCION' ]
13:34:16:315 [ 'PRESION', { '3': 14.5 } ]
13:34:17:253 [ 'CAUDAL', { '2': 0 } ]
13:34:17:257 [ 'VOLUMEN', { '5': 0 } ]
13:34:17:327 [ 'PRESION', { '3': 18.5 } ]
13:34:18:260 [ 'CAUDAL', { '2': 0 } ]
13:34:18:264 [ 'VOLUMEN', { '5': 0 } ]
13:34:18:340 [ 'PRESION', { '3': 18.55 } ]
13:34:19:268 [ 'CAUDAL', { '2': 0 } ]
13:34:19:274 [ 'VOLUMEN', { '5': 0 } ]
13:34:19:355 [ 'PRESION', { '3': 15.2 } ]
13:34:20:274 [ 'CAUDAL', { '2': 0 } ]
13:34:20:281 [ 'VOLUMEN', { '5': 0 } ]
13:34:20:292 [ 'ENTRO A ESTA FUNCION' ]
13:34:20:365 [ 'PRESION', { '3': 14.85 } ]
13:34:21:281 [ 'CAUDAL', { '2': 0 } ]
13:34:21:286 [ 'VOLUMEN', { '5': 0 } ]
13:34:21:378 [ 'PRESION', { '3': 14.85 } ]
13:34:22:286 [ 'CAUDAL', { '2': 0 } ]
13:34:22:290 [ 'VOLUMEN', { '5': 0 } ]
13:34:22:392 [ 'PRESION', { '3': 14.85 } ]
13:34:23:294 [ 'CAUDAL', { '2': 0 } ]
13:34:23:300 [ 'VOLUMEN', { '5': 0 } ]
13:34:23:404 [ 'PRESION', { '3': 14.85 } ]
13:34:24:300 [ 'CAUDAL', { '2': 0 } ]
13:34:24:308 [ 'VOLUMEN', { '5': 0 } ]
13:34:24:320 [ 'ENTRO A ESTA FUNCION' ]
13:34:24:418 [ 'PRESION', { '3': 14.85 } ]
13:34:25:310 [ 'CAUDAL', { '2': 0 } ]
13:34:25:316 [ 'VOLUMEN', { '5': 0 } ]
13:34:25:433 [ 'PRESION', { '3': 14.85 } ]
13:34:26:322 [ 'CAUDAL', { '2': 0 } ]
13:34:26:331 [ 'VOLUMEN', { '5': 0 } ]
13:34:26:445 [ 'PRESION', { '3': 14.85 } ]
13:34:27:327 [ 'CAUDAL', { '2': 0 } ]
13:34:27:331 [ 'VOLUMEN', { '5': 0 } ]
13:34:40:909 [ 'PRESION', { '3': 14.9 } ]
13:34:42:009 [ 'CAUDAL', { '2': 0 } ]
13:34:42:011 [ 'VOLUMEN', { '5': 0 } ]
13:34:42:013 [ 'PRESION', { '3': 14.9 } ]
13:34:42:022 [ 'ENTRO A ESTA FUNCION' ]
13:34:42:911 [ 'CAUDAL', { '2': 0 } ]
13:34:42:913 [ 'VOLUMEN', { '5': 0 } ]
13:34:43:047 [ 'PRESION', { '3': 14.9 } ]
13:34:43:916 [ 'CAUDAL', { '2': 0 } ]
13:34:43:918 [ 'VOLUMEN', { '5': 0 } ]
13:34:43:935 [ 'PRESION', { '3': 14.9 } ]
13:34:44:918 [ 'CAUDAL', { '2': 0 } ]
13:34:44:920 [ 'VOLUMEN', { '5': 0 } ]
13:34:44:945 [ 'PRESION', { '3': 14.9 } ]
13:34:45:923 [ 'CAUDAL', { '2': 0 } ]
13:34:45:926 [ 'VOLUMEN', { '5': 0 } ]
13:34:45:957 [ 'PRESION', { '3': 14.9 } ]
13:34:46:928 [ 'CAUDAL', { '2': 0 } ]
13:34:46:930 [ 'VOLUMEN', { '5': 0 } ]
13:34:46:936 [ 'ENTRO A ESTA FUNCION' ]
13:34:46:974 [ 'PRESION', { '3': 24.3 } ]
13:34:47:934 [ 'CAUDAL', { '2': 0 } ]
13:34:47:937 [ 'VOLUMEN', { '5': 0 } ]
13:34:47:983 [ 'PRESION', { '3': 27.2 } ]
13:34:48:940 [ 'CAUDAL', { '2': 0 } ]
13:34:48:942 [ 'VOLUMEN', { '5': 0 } ]
13:34:49:003 [ 'PRESION', { '3': 10 } ]
13:34:49:947 [ 'CAUDAL', { '2': 0 } ]
13:34:49:949 [ 'VOLUMEN', { '5': 0 } ]
13:34:50:017 [ 'PRESION', { '3': 0 } ]
13:34:50:952 [ 'CAUDAL', { '2': 0 } ]
13:34:50:955 [ 'VOLUMEN', { '5': 0 } ]
13:34:50:966 [ 'ENTRO A ESTA FUNCION' ]
13:34:51:029 [ 'PRESION', { '3': 1.2 } ]
13:34:51:959 [ 'CAUDAL', { '2': 0 } ]
13:34:51:961 [ 'VOLUMEN', { '5': 0 } ]
13:34:52:042 [ 'PRESION', { '3': 2.6 } ]
13:34:52:964 [ 'CAUDAL', { '2': 0 } ]
13:34:52:967 [ 'VOLUMEN', { '5': 0 } ]
13:34:53:054 [ 'PRESION', { '3': 2.6 } ]
13:34:53:971 [ 'CAUDAL', { '2': 0 } ]
13:34:53:973 [ 'VOLUMEN', { '5': 0 } ]
13:34:54:067 [ 'PRESION', { '3': 2.6 } ]
13:34:54:979 [ 'CAUDAL', { '2': 0 } ]
13:34:54:981 [ 'VOLUMEN', { '5': 0 } ]
13:34:54:991 [ 'ENTRO A ESTA FUNCION' ]
13:34:55:079 [ 'PRESION', { '3': 2.6 } ]
13:34:55:986 [ 'CAUDAL', { '2': 0 } ]
13:34:55:988 [ 'VOLUMEN', { '5': 0 } ]
13:34:56:091 [ 'PRESION', { '3': 2.6 } ]
13:34:56:992 [ 'CAUDAL', { '2': 0 } ]
13:34:56:995 [ 'VOLUMEN', { '5': 0 } ]
13:34:57:104 [ 'PRESION', { '3': 2.6 } ]
13:34:57:999 [ 'CAUDAL', { '2': 4.8 } ]
13:34:58:002 [ 'VOLUMEN', { '5': 0.08 } ]
13:34:58:005 [ 'ENTRO A ESTA FUNCION' ]
13:34:58:116 [ 'PRESION', { '3': 2.6 } ]
13:34:59:008 [ 'CAUDAL', { '2': 16.933333333333334 } ]
13:34:59:010 [ 'VOLUMEN', { '5': 0.3622222222222222 } ]
13:34:59:021 [ 'ENTRO A ESTA FUNCION' ]
13:34:59:129 [ 'PRESION', { '3': 2.6 } ]
13:35:00:014 [ 'CAUDAL', { '2': 23.733333333333334 } ]
13:35:00:016 [ 'VOLUMEN', { '5': 0.7577777777777778 } ]
13:35:00:028 [ 'ENTRO A ESTA FUNCION' ]
13:35:00:141 [ 'PRESION', { '3': 2.6 } ]
13:35:01:021 [ 'CAUDAL', { '2': 22.13333333333333 } ]
13:35:01:023 [ 'VOLUMEN', { '5': 1.1266666666666665 } ]
13:35:01:050 [ 'ENTRO A ESTA FUNCION' ]
13:35:01:152 [ 'PRESION', { '3': 2.6 } ]
13:35:02:028 [ 'CAUDAL', { '2': 10.4 } ]
13:35:02:030 [ 'VOLUMEN', { '5': 1.2999999999999998 } ]
13:35:02:040 [ 'ENTRO A ESTA FUNCION' ]
13:35:02:165 [ 'PRESION', { '3': 2.6 } ]
13:35:03:035 [ 'CAUDAL', { '2': 3.5999999999999996 } ]
13:35:03:036 [ 'VOLUMEN', { '5': 1.3599999999999999 } ]
13:35:03:045 [ 'ENTRO A ESTA FUNCION' ]
13:35:03:180 [ 'PRESION', { '3': 2.6 } ]
13:35:04:042 [ 'CAUDAL', { '2': 0.39999999999999997 } ]
13:35:04:043 [ 'VOLUMEN', { '5': 1.3666666666666665 } ]
13:35:04:053 [ 'ENTRO A ESTA FUNCION' ]
13:35:04:192 [ 'PRESION', { '3': 2.6 } ]
13:35:05:047 [ 'CAUDAL', { '2': 0 } ]
13:35:05:049 [ 'VOLUMEN', { '5': 1.3666666666666665 } ]
13:35:05:204 [ 'PRESION', { '3': 2.6 } ]
13:35:06:055 [ 'CAUDAL', { '2': 0.06666666666666667 } ]
13:35:06:056 [ 'VOLUMEN', { '5': 1.3677777777777775 } ]
13:35:06:062 [ 'ENTRO A ESTA FUNCION' ]
13:35:06:216 [ 'PRESION', { '3': 2.6 } ]
13:35:07:062 [ 'CAUDAL', { '2': 8.866666666666665 } ]
13:35:07:064 [ 'VOLUMEN', { '5': 1.5155555555555553 } ]
13:35:07:074 [ 'ENTRO A ESTA FUNCION' ]
13:35:07:231 [ 'PRESION', { '3': 0 } ]
13:35:08:068 [ 'CAUDAL', { '2': 23.333333333333332 } ]
13:35:08:070 [ 'VOLUMEN', { '5': 1.9044444444444442 } ]
13:35:08:079 [ 'ENTRO A ESTA FUNCION' ]
13:35:08:241 [ 'PRESION', { '3': 0 } ]
13:35:09:073 [ 'CAUDAL', { '2': 33.06666666666667 } ]
13:35:09:075 [ 'VOLUMEN', { '5': 2.4555555555555553 } ]
13:35:09:084 [ 'ENTRO A ESTA FUNCION' ]
13:35:09:254 [ 'PRESION', { '3': 0 } ]
13:35:10:080 [ 'CAUDAL', { '2': 30.600000000000005 } ]
13:35:10:084 [ 'VOLUMEN', { '5': 2.9655555555555555 } ]
13:35:10:111 [ 'ENTRO A ESTA FUNCION' ]
13:35:10:265 [ 'PRESION', { '3': 0 } ]
13:35:11:085 [ 'CAUDAL', { '2': 19.400000000000002 } ]
13:35:11:087 [ 'VOLUMEN', { '5': 3.2888888888888888 } ]
13:35:11:096 [ 'ENTRO A ESTA FUNCION' ]
13:35:11:279 [ 'PRESION', { '3': 0 } ]
13:35:12:091 [ 'CAUDAL', { '2': 9.933333333333334 } ]
13:35:12:094 [ 'VOLUMEN', { '5': 3.4544444444444444 } ]
13:35:12:107 [ 'ENTRO A ESTA FUNCION' ]
13:35:12:291 [ 'PRESION', { '3': 0 } ]
13:35:13:099 [ 'CAUDAL', { '2': 3.6 } ]
13:35:13:103 [ 'VOLUMEN', { '5': 3.5144444444444445 } ]
13:35:13:118 [ 'ENTRO A ESTA FUNCION' ]
13:35:13:303 [ 'PRESION', { '3': 0 } ]
13:35:14:105 [ 'CAUDAL', { '2': 0.3333333333333333 } ]
13:35:14:107 [ 'VOLUMEN', { '5': 3.52 } ]
13:35:14:131 [ 'ENTRO A ESTA FUNCION' ]
13:35:14:316 [ 'PRESION', { '3': 0 } ]
13:35:15:110 [ 'CAUDAL', { '2': 5.333333333333333 } ]
13:35:15:112 [ 'VOLUMEN', { '5': 3.608888888888889 } ]
13:35:15:122 [ 'ENTRO A ESTA FUNCION' ]
13:35:15:329 [ 'PRESION', { '3': 8.5 } ]
13:35:16:116 [ 'CAUDAL', { '2': 17.466666666666665 } ]
13:35:16:118 [ 'VOLUMEN', { '5': 3.9000000000000004 } ]
13:35:16:129 [ 'ENTRO A ESTA FUNCION' ]
13:35:16:341 [ 'PRESION', { '3': 18.7 } ]
13:35:17:123 [ 'CAUDAL', { '2': 25 } ]
13:35:17:125 [ 'VOLUMEN', { '5': 4.316666666666667 } ]
13:35:17:132 [ 'ENTRO A ESTA FUNCION' ]
13:35:17:354 [ 'PRESION', { '3': 22.9 } ]
13:35:18:129 [ 'CAUDAL', { '2': 23.8 } ]
13:35:18:131 [ 'VOLUMEN', { '5': 4.713333333333334 } ]
13:35:18:156 [ 'ENTRO A ESTA FUNCION' ]
13:35:18:367 [ 'PRESION', { '3': 28 } ]
13:35:19:135 [ 'CAUDAL', { '2': 12.533333333333333 } ]
13:35:19:137 [ 'VOLUMEN', { '5': 4.9222222222222225 } ]
13:35:19:149 [ 'ENTRO A ESTA FUNCION' ]
13:35:19:380 [ 'PRESION', { '3': 28.1 } ]
13:35:20:140 [ 'CAUDAL', { '2': 5 } ]
13:35:20:143 [ 'VOLUMEN', { '5': 5.0055555555555555 } ]
13:35:20:160 [ 'ENTRO A ESTA FUNCION' ]
13:35:20:391 [ 'PRESION', { '3': 33.1 } ]
13:35:21:148 [ 'CAUDAL', { '2': 1.3333333333333333 } ]
13:35:21:150 [ 'VOLUMEN', { '5': 5.027777777777778 } ]
13:35:21:158 [ 'ENTRO A ESTA FUNCION' ]
13:35:21:402 [ 'PRESION', { '3': 37.7 } ]
13:35:22:155 [ 'CAUDAL', { '2': 14.799999999999999 } ]
13:35:22:156 [ 'VOLUMEN', { '5': 5.274444444444445 } ]
13:35:22:167 [ 'ENTRO A ESTA FUNCION' ]
13:35:23:161 [ 'CAUDAL', { '2': 28.933333333333334 } ]
13:35:23:163 [ 'VOLUMEN', { '5': 5.756666666666667 } ]
13:35:23:172 [ 'ENTRO A ESTA FUNCION' ]
13:35:24:167 [ 'CAUDAL', { '2': 37.06666666666667 } ]
13:35:24:168 [ 'VOLUMEN', { '5': 6.374444444444444 } ]
13:35:24:192 [ 'ENTRO A ESTA FUNCION' ]
13:35:25:172 [ 'CAUDAL', { '2': 28.2 } ]
13:35:25:175 [ 'VOLUMEN', { '5': 6.844444444444444 } ]
13:35:25:185 [ 'ENTRO A ESTA FUNCION' ]
13:35:26:178 [ 'CAUDAL', { '2': 27.53333333333333 } ]
13:35:26:180 [ 'VOLUMEN', { '5': 7.303333333333333 } ]
13:35:26:193 [ 'ENTRO A ESTA FUNCION' ]
13:35:27:186 [ 'CAUDAL', { '2': 29.133333333333336 } ]
13:35:27:188 [ 'VOLUMEN', { '5': 7.788888888888889 } ]
13:35:27:197 [ 'ENTRO A ESTA FUNCION' ]
13:35:28:192 [ 'CAUDAL', { '2': 30.2 } ]
13:35:28:194 [ 'VOLUMEN', { '5': 8.292222222222222 } ]
13:35:28:212 [ 'ENTRO A ESTA FUNCION' ]
13:35:29:199 [ 'CAUDAL', { '2': 19.933333333333334 } ]
13:35:29:201 [ 'VOLUMEN', { '5': 8.624444444444444 } ]
13:35:29:208 [ 'ENTRO A ESTA FUNCION' ]
13:35:30:207 [ 'CAUDAL', { '2': 10.266666666666667 } ]
13:35:30:209 [ 'VOLUMEN', { '5': 8.795555555555556 } ]
13:35:30:221 [ 'ENTRO A ESTA FUNCION' ]
13:35:31:216 [ 'CAUDAL', { '2': 3.733333333333333 } ]
13:35:31:220 [ 'VOLUMEN', { '5': 8.857777777777779 } ]
13:35:31:236 [ 'ENTRO A ESTA FUNCION' ]
13:35:32:228 [ 'CAUDAL', { '2': 0.5333333333333333 } ]
13:35:32:230 [ 'VOLUMEN', { '5': 8.866666666666667 } ]
13:35:32:242 [ 'ENTRO A ESTA FUNCION' ]
13:35:33:238 [ 'CAUDAL', { '2': 0 } ]
13:35:33:241 [ 'VOLUMEN', { '5': 8.866666666666667 } ]
13:35:34:243 [ 'CAUDAL', { '2': 0 } ]
13:35:34:246 [ 'VOLUMEN', { '5': 8.866666666666667 } ]
13:35:35:248 [ 'CAUDAL', { '2': 0 } ]
13:35:35:251 [ 'VOLUMEN', { '5': 8.866666666666667 } ]
13:35:36:254 [ 'CAUDAL', { '2': 0 } ]
13:35:36:256 [ 'VOLUMEN', { '5': 8.866666666666667 } ]
13:35:36:265 [ 'ENTRO A ESTA FUNCION' ]
13:35:37:387 [ 'CAUDAL', { '2': 0 } ]
13:35:37:417 [ 'VOLUMEN', { '5': 8.866666666666667 } ]
13:35:38:352 [ 'CAUDAL', { '2': 0 } ]
13:35:38:354 [ 'VOLUMEN', { '5': 8.866666666666667 } ]
13:35:39:364 [ 'CAUDAL', { '2': 0 } ]
13:35:39:366 [ 'VOLUMEN', { '5': 8.866666666666667 } ]
13:35:40:466 [ 'CAUDAL', { '2': 0 } ]
13:35:40:471 [ 'VOLUMEN', { '5': 8.866666666666667 } ]
13:35:40:488 [ 'ENTRO A ESTA FUNCION' ]
13:35:41:433 [ 'CAUDAL', { '2': 0 } ]
13:35:41:438 [ 'VOLUMEN', { '5': 8.866666666666667 } ]
13:35:42:389 [ 'CAUDAL', { '2': 0 } ]
13:35:42:393 [ 'VOLUMEN', { '5': 8.866666666666667 } ]
13:35:43:395 [ 'CAUDAL', { '2': 0 } ]
13:35:43:398 [ 'VOLUMEN', { '5': 8.866666666666667 } ]
13:35:44:421 [ 'CAUDAL', { '2': 0 } ]
13:35:44:425 [ 'VOLUMEN', { '5': 8.866666666666667 } ]
13:35:45:402 [ 'CAUDAL', { '2': 0 } ]
13:35:45:406 [ 'VOLUMEN', { '5': 8.866666666666667 } ]
13:35:45:416 [ 'ENTRO A ESTA FUNCION' ]
13:35:46:405 [ 'CAUDAL', { '2': 0 } ]
13:35:46:409 [ 'VOLUMEN', { '5': 8.866666666666667 } ]
13:35:47:410 [ 'CAUDAL', { '2': 0 } ]
13:35:47:413 [ 'VOLUMEN', { '5': 8.866666666666667 } ]
13:35:48:415 [ 'CAUDAL', { '2': 0 } ]
13:35:48:421 [ 'VOLUMEN', { '5': 8.866666666666667 } ]
13:35:49:422 [ 'CAUDAL', { '2': 0 } ]
13:35:49:427 [ 'VOLUMEN', { '5': 8.866666666666667 } ]
13:35:49:438 [ 'ENTRO A ESTA FUNCION' ]
13:35:50:428 [ 'CAUDAL', { '2': 0 } ]
13:35:50:435 [ 'VOLUMEN', { '5': 8.866666666666667 } ]
13:35:51:436 [ 'CAUDAL', { '2': 0 } ]
13:35:51:441 [ 'VOLUMEN', { '5': 8.866666666666667 } ]
13:35:52:440 [ 'CAUDAL', { '2': 0 } ]
13:35:52:446 [ 'VOLUMEN', { '5': 8.866666666666667 } ]
13:35:53:447 [ 'CAUDAL', { '2': 0 } ]
13:35:53:451 [ 'VOLUMEN', { '5': 8.866666666666667 } ]
13:35:53:463 [ 'ENTRO A ESTA FUNCION' ]
13:35:54:454 [ 'CAUDAL', { '2': 0 } ]
13:35:54:458 [ 'VOLUMEN', { '5': 8.866666666666667 } ]
13:35:55:460 [ 'CAUDAL', { '2': 0 } ]
13:35:55:464 [ 'VOLUMEN', { '5': 8.866666666666667 } ]
13:35:56:656 [ 'CAUDAL', { '2': 0 } ]
13:35:56:666 [ 'VOLUMEN', { '5': 8.866666666666667 } ]
13:35:57:602 [ 'CAUDAL', { '2': 0 } ]
13:35:57:607 [ 'VOLUMEN', { '5': 8.866666666666667 } ]
13:35:57:621 [ 'ENTRO A ESTA FUNCION' ]
13:35:58:613 [ 'CAUDAL', { '2': 0 } ]
13:35:58:618 [ 'VOLUMEN', { '5': 8.866666666666667 } ]
13:35:59:625 [ 'CAUDAL', { '2': 0 } ]
13:35:59:631 [ 'VOLUMEN', { '5': 8.866666666666667 } ]
13:36:11:783 [ 'CAUDAL', { '2': 0 } ]
13:36:11:789 [ 'VOLUMEN', { '5': 0 } ]
13:36:11:803 [ 'ENTRO A ESTA FUNCION' ]
13:36:12:790 [ 'CAUDAL', { '2': 0 } ]
13:36:12:797 [ 'VOLUMEN', { '5': 0 } ]
13:36:13:800 [ 'CAUDAL', { '2': 0 } ]
13:36:13:805 [ 'VOLUMEN', { '5': 0 } ]
13:36:14:807 [ 'CAUDAL', { '2': 0 } ]
13:36:14:810 [ 'VOLUMEN', { '5': 0 } ]
13:36:15:814 [ 'CAUDAL', { '2': 0 } ]
13:36:15:820 [ 'VOLUMEN', { '5': 0 } ]
13:36:15:832 [ 'ENTRO A ESTA FUNCION' ]
13:36:16:821 [ 'CAUDAL', { '2': 0 } ]
13:36:16:827 [ 'VOLUMEN', { '5': 0 } ]
13:36:17:831 [ 'CAUDAL', { '2': 0 } ]
13:36:17:834 [ 'VOLUMEN', { '5': 0 } ]
13:36:18:841 [ 'CAUDAL', { '2': 0 } ]
13:36:18:847 [ 'VOLUMEN', { '5': 0 } ]
13:36:19:848 [ 'CAUDAL', { '2': 0 } ]
13:36:19:855 [ 'VOLUMEN', { '5': 0 } ]
13:36:19:870 [ 'ENTRO A ESTA FUNCION' ]
13:36:20:856 [ 'CAUDAL', { '2': 0 } ]
13:36:20:861 [ 'VOLUMEN', { '5': 0 } ]
13:36:21:862 [ 'CAUDAL', { '2': 0 } ]
13:36:21:867 [ 'VOLUMEN', { '5': 0 } ]
13:36:22:868 [ 'CAUDAL', { '2': 0 } ]
13:36:22:872 [ 'VOLUMEN', { '5': 0 } ]
13:36:23:871 [ 'CAUDAL', { '2': 0 } ]
13:36:23:875 [ 'VOLUMEN', { '5': 0 } ]
13:36:23:884 [ 'ENTRO A ESTA FUNCION' ]
13:36:24:875 [ 'CAUDAL', { '2': 0 } ]
13:36:24:880 [ 'VOLUMEN', { '5': 0 } ]
13:36:25:879 [ 'CAUDAL', { '2': 0 } ]
13:36:25:884 [ 'VOLUMEN', { '5': 0 } ]
13:36:26:885 [ 'CAUDAL', { '2': 0 } ]
13:36:26:888 [ 'VOLUMEN', { '5': 0 } ]
13:36:27:891 [ 'CAUDAL', { '2': 0 } ]
13:36:27:896 [ 'VOLUMEN', { '5': 0 } ]
13:36:27:905 [ 'ENTRO A ESTA FUNCION' ]
13:36:28:896 [ 'CAUDAL', { '2': 0 } ]
13:36:28:901 [ 'VOLUMEN', { '5': 0 } ]
13:36:29:899 [ 'CAUDAL', { '2': 0 } ]
13:36:29:905 [ 'VOLUMEN', { '5': 0 } ]
13:36:30:906 [ 'CAUDAL', { '2': 0 } ]
13:36:30:912 [ 'VOLUMEN', { '5': 0 } ]
13:36:31:912 [ 'CAUDAL', { '2': 0 } ]
13:36:31:915 [ 'VOLUMEN', { '5': 0 } ]
13:36:31:923 [ 'ENTRO A ESTA FUNCION' ]
13:36:32:921 [ 'CAUDAL', { '2': 0 } ]
13:36:32:926 [ 'VOLUMEN', { '5': 0 } ]
13:36:33:925 [ 'CAUDAL', { '2': 0 } ]
13:36:33:929 [ 'VOLUMEN', { '5': 0 } ]
13:36:34:931 [ 'CAUDAL', { '2': 0 } ]
13:36:34:936 [ 'VOLUMEN', { '5': 0 } ]
13:36:35:937 [ 'CAUDAL', { '2': 0 } ]
13:36:35:942 [ 'VOLUMEN', { '5': 0 } ]
13:36:35:952 [ 'ENTRO A ESTA FUNCION' ]
13:36:36:944 [ 'CAUDAL', { '2': 0 } ]
13:36:36:953 [ 'VOLUMEN', { '5': 0 } ]
13:36:37:949 [ 'CAUDAL', { '2': 0 } ]
13:36:37:955 [ 'VOLUMEN', { '5': 0 } ]
13:36:38:955 [ 'CAUDAL', { '2': 0 } ]
13:36:38:959 [ 'VOLUMEN', { '5': 0 } ]
13:36:39:961 [ 'CAUDAL', { '2': 0 } ]
13:36:39:964 [ 'VOLUMEN', { '5': 0 } ]
13:36:39:975 [ 'ENTRO A ESTA FUNCION' ]
13:36:40:967 [ 'CAUDAL', { '2': 0 } ]
13:36:40:971 [ 'VOLUMEN', { '5': 0 } ]
13:36:42:040 [ 'CAUDAL', { '2': 0 } ]
13:36:42:048 [ 'VOLUMEN', { '5': 0 } ]
13:36:43:083 [ 'CAUDAL', { '2': 0 } ]
13:36:43:088 [ 'VOLUMEN', { '5': 0 } ]
13:36:43:983 [ 'CAUDAL', { '2': 0 } ]
13:36:43:988 [ 'VOLUMEN', { '5': 0 } ]
13:36:44:004 [ 'ENTRO A ESTA FUNCION' ]
13:36:44:989 [ 'CAUDAL', { '2': 0 } ]
13:36:44:995 [ 'VOLUMEN', { '5': 0 } ]
13:36:45:992 [ 'CAUDAL', { '2': 0 } ]
13:36:45:996 [ 'VOLUMEN', { '5': 0 } ]
13:36:46:999 [ 'CAUDAL', { '2': 0 } ]
13:36:47:004 [ 'VOLUMEN', { '5': 0 } ]
13:36:52:216 [ 'PRESION', { '3': 69.9 } ]
13:36:53:218 [ 'CAUDAL', { '2': 0 } ]
13:36:53:222 [ 'VOLUMEN', { '5': 0 } ]
13:36:53:228 [ 'PRESION', { '3': 69.9 } ]
13:36:53:237 [ 'ENTRO A ESTA FUNCION' ]
13:36:54:222 [ 'CAUDAL', { '2': 0 } ]
13:36:54:228 [ 'VOLUMEN', { '5': 0 } ]
13:36:54:240 [ 'PRESION', { '3': 69.9 } ]
13:36:55:226 [ 'CAUDAL', { '2': 0 } ]
13:36:55:230 [ 'VOLUMEN', { '5': 0 } ]
13:36:55:253 [ 'PRESION', { '3': 69.9 } ]
13:36:56:230 [ 'CAUDAL', { '2': 0 } ]
13:36:56:235 [ 'VOLUMEN', { '5': 0 } ]
13:36:56:263 [ 'PRESION', { '3': 69.9 } ]
13:36:57:235 [ 'CAUDAL', { '2': 0 } ]
13:36:57:240 [ 'VOLUMEN', { '5': 0 } ]
13:36:57:252 [ 'ENTRO A ESTA FUNCION' ]
13:36:57:276 [ 'PRESION', { '3': 69.9 } ]
13:36:58:237 [ 'CAUDAL', { '2': 0 } ]
13:36:58:242 [ 'VOLUMEN', { '5': 0 } ]
13:36:58:288 [ 'PRESION', { '3': 69.9 } ]
13:36:59:241 [ 'CAUDAL', { '2': 0 } ]
13:36:59:246 [ 'VOLUMEN', { '5': 0 } ]
13:36:59:301 [ 'PRESION', { '3': 69.9 } ]
13:37:00:245 [ 'CAUDAL', { '2': 0 } ]
13:37:00:251 [ 'VOLUMEN', { '5': 0 } ]
13:37:00:314 [ 'PRESION', { '3': 69.9 } ]
13:37:01:253 [ 'CAUDAL', { '2': 0 } ]
13:37:01:258 [ 'VOLUMEN', { '5': 0 } ]
13:37:01:271 [ 'ENTRO A ESTA FUNCION' ]
13:37:01:328 [ 'PRESION', { '3': 69.9 } ]
13:37:02:260 [ 'CAUDAL', { '2': 0 } ]
13:37:02:266 [ 'VOLUMEN', { '5': 0 } ]
13:37:02:339 [ 'PRESION', { '3': 69.9 } ]
13:37:03:269 [ 'CAUDAL', { '2': 0 } ]
13:37:03:275 [ 'VOLUMEN', { '5': 0 } ]
13:37:03:352 [ 'PRESION', { '3': 69.9 } ]
13:37:04:275 [ 'CAUDAL', { '2': 0 } ]
13:37:04:282 [ 'VOLUMEN', { '5': 0 } ]
13:37:04:364 [ 'PRESION', { '3': 62.4 } ]
13:37:05:281 [ 'CAUDAL', { '2': 5 } ]
13:37:05:285 [ 'VOLUMEN', { '5': 0.08333333333333333 } ]
13:37:05:303 [ 'ENTRO A ESTA FUNCION' ]
13:37:05:377 [ 'PRESION', { '3': 53 } ]
13:37:06:289 [ 'CAUDAL', { '2': 17 } ]
13:37:06:293 [ 'VOLUMEN', { '5': 0.36666666666666664 } ]
13:37:06:306 [ 'ENTRO A ESTA FUNCION' ]
13:37:06:390 [ 'PRESION', { '3': 39.3 } ]
13:37:07:296 [ 'CAUDAL', { '2': 29.400000000000002 } ]
13:37:07:302 [ 'VOLUMEN', { '5': 0.8566666666666667 } ]
13:37:07:318 [ 'ENTRO A ESTA FUNCION' ]
13:37:07:404 [ 'PRESION', { '3': 31 } ]
13:37:08:303 [ 'CAUDAL', { '2': 32.6 } ]
13:37:08:308 [ 'VOLUMEN', { '5': 1.4 } ]
13:37:08:322 [ 'ENTRO A ESTA FUNCION' ]
13:37:08:417 [ 'PRESION', { '3': 20.8 } ]
13:37:09:310 [ 'CAUDAL', { '2': 25.46666666666667 } ]
13:37:09:313 [ 'VOLUMEN', { '5': 1.8244444444444443 } ]
13:37:09:327 [ 'ENTRO A ESTA FUNCION' ]
13:37:09:430 [ 'PRESION', { '3': 11 } ]
13:37:10:315 [ 'CAUDAL', { '2': 15.066666666666668 } ]
13:37:10:320 [ 'VOLUMEN', { '5': 2.0755555555555554 } ]
13:37:10:332 [ 'ENTRO A ESTA FUNCION' ]
13:37:10:442 [ 'PRESION', { '3': 4.4 } ]
13:37:11:322 [ 'CAUDAL', { '2': 8.666666666666666 } ]
13:37:11:327 [ 'VOLUMEN', { '5': 2.2199999999999998 } ]
13:37:11:340 [ 'ENTRO A ESTA FUNCION' ]
13:37:11:456 [ 'PRESION', { '3': 1.1 } ]
13:37:12:330 [ 'CAUDAL', { '2': 16.8 } ]
13:37:12:335 [ 'VOLUMEN', { '5': 2.5 } ]
13:37:12:358 [ 'ENTRO A ESTA FUNCION' ]
13:37:12:470 [ 'PRESION', { '3': 0 } ]
13:37:13:336 [ 'CAUDAL', { '2': 29 } ]
13:37:13:341 [ 'VOLUMEN', { '5': 2.9833333333333334 } ]
13:37:13:370 [ 'ENTRO A ESTA FUNCION' ]
13:37:13:482 [ 'PRESION', { '3': 5.4 } ]
13:37:14:344 [ 'CAUDAL', { '2': 35.93333333333333 } ]
13:37:14:349 [ 'VOLUMEN', { '5': 3.582222222222222 } ]
13:37:14:369 [ 'ENTRO A ESTA FUNCION' ]
13:37:14:495 [ 'PRESION', { '3': 14.9 } ]
13:37:15:349 [ 'CAUDAL', { '2': 27.73333333333333 } ]
13:37:15:353 [ 'VOLUMEN', { '5': 4.044444444444444 } ]
13:37:15:367 [ 'ENTRO A ESTA FUNCION' ]
13:37:15:507 [ 'PRESION', { '3': 14.9 } ]
13:37:16:358 [ 'CAUDAL', { '2': 15.199999999999998 } ]
13:37:16:361 [ 'VOLUMEN', { '5': 4.297777777777777 } ]
13:37:16:376 [ 'ENTRO A ESTA FUNCION' ]
13:37:16:520 [ 'PRESION', { '3': 14.9 } ]
13:37:17:363 [ 'CAUDAL', { '2': 6.466666666666666 } ]
13:37:17:366 [ 'VOLUMEN', { '5': 4.405555555555555 } ]
13:37:17:381 [ 'ENTRO A ESTA FUNCION' ]
13:37:17:534 [ 'PRESION', { '3': 14.9 } ]
13:37:18:369 [ 'CAUDAL', { '2': 1.6666666666666667 } ]
13:37:18:373 [ 'VOLUMEN', { '5': 4.433333333333333 } ]
13:37:18:385 [ 'ENTRO A ESTA FUNCION' ]
13:37:18:546 [ 'PRESION', { '3': 14.9 } ]
13:37:19:382 [ 'CAUDAL', { '2': 0 } ]
13:37:19:386 [ 'VOLUMEN', { '5': 4.433333333333333 } ]
13:37:19:558 [ 'PRESION', { '3': 14.9 } ]
13:37:20:383 [ 'CAUDAL', { '2': 0 } ]
13:37:20:388 [ 'VOLUMEN', { '5': 4.433333333333333 } ]
13:37:20:572 [ 'PRESION', { '3': 14.9 } ]
13:37:21:391 [ 'CAUDAL', { '2': 0 } ]
13:37:21:394 [ 'VOLUMEN', { '5': 4.433333333333333 } ]
13:37:21:585 [ 'PRESION', { '3': 14.9 } ]
13:37:22:397 [ 'CAUDAL', { '2': 0 } ]
13:37:22:401 [ 'VOLUMEN', { '5': 4.433333333333333 } ]
13:37:22:412 [ 'ENTRO A ESTA FUNCION' ]
13:37:22:597 [ 'PRESION', { '3': 14.9 } ]
13:37:23:401 [ 'CAUDAL', { '2': 0 } ]
13:37:23:405 [ 'VOLUMEN', { '5': 4.433333333333333 } ]
13:37:23:609 [ 'PRESION', { '3': 14.9 } ]
13:37:24:404 [ 'CAUDAL', { '2': 0 } ]
13:37:24:409 [ 'VOLUMEN', { '5': 4.433333333333333 } ]
13:37:24:620 [ 'PRESION', { '3': 14.9 } ]
13:37:25:408 [ 'CAUDAL', { '2': 0 } ]
13:37:25:412 [ 'VOLUMEN', { '5': 4.433333333333333 } ]
13:37:25:632 [ 'PRESION', { '3': 14.9 } ]
13:37:26:412 [ 'CAUDAL', { '2': 0 } ]
13:37:26:419 [ 'VOLUMEN', { '5': 4.433333333333333 } ]
13:37:26:430 [ 'ENTRO A ESTA FUNCION' ]
13:37:26:645 [ 'PRESION', { '3': 14.9 } ]
13:37:27:419 [ 'CAUDAL', { '2': 0 } ]
13:37:27:424 [ 'VOLUMEN', { '5': 4.433333333333333 } ]
13:37:27:658 [ 'PRESION', { '3': 14.9 } ]
13:37:28:425 [ 'CAUDAL', { '2': 0 } ]
13:37:28:430 [ 'VOLUMEN', { '5': 4.433333333333333 } ]
13:39:49:143 main.ts
13:39:49:186 main.ts
13:39:49:188 [
  'Configuration',
  {
    token: 'c7f14f4e4339dd99b0ef31e118f722e94fbd1012d8045eb7bab291d12eb4ce85a0',
    urlRest: 'http://192.168.149.209:8000',
    nDevices: 4,
    device1: 'COM4',
    device2: 'COM29',
    device3: 'COM6',
    device4: 'COM36',
    device5: ''
  }
]
13:39:49:396 [
  'CURRENTWORK',
  {
    id: 2,
    weorder: 188,
    implement: 31,
    work: 5,
    lot: 4,
    worker: 3,
    date: '2024-07-11 5:29:36',
    configuration: '{"id":62,"unit":1,"work":5,"speed":9.36,"width":3.6,"volume":2000,"consume":1000,"nozzles":[{"type":1,"color":7,"number":1},{"type":1,"color":7,"number":2},{"type":1,"color":7,"number":3},{"type":1,"color":7,"number":4},{"type":1,"color":7,"number":5},{"type":1,"color":7,"number":6},{"type":1,"color":7,"number":7},{"type":1,"color":7,"number":8},{"type":1,"color":7,"number":9},{"type":1,"color":7,"number":10},{"type":1,"color":7,"number":11},{"type":1,"color":7,"number":12},{"type":1,"color":7,"number":13},{"type":1,"color":7,"number":14},{"type":1,"color":7,"number":15},{"type":1,"color":7,"number":16},{"type":1,"color":7,"number":17},{"type":1,"color":7,"number":18},{"type":1,"color":7,"number":19},{"type":1,"color":7,"number":20},{"type":1,"color":7,"number":21},{"type":1,"color":7,"number":22},{"type":1,"color":7,"number":23},{"type":1,"color":7,"number":24},{"type":1,"color":7,"number":25},{"type":1,"color":7,"number":26},{"type":1,"color":6,"number":27},{"type":1,"color":6,"number":28},{"type":1,"color":6,"number":29},{"type":1,"color":6,"number":30},{"type":1,"color":6,"number":31},{"type":1,"color":6,"number":32},{"type":12,"color":6,"number":33},{"type":12,"color":6,"number":34},{"type":12,"color":6,"number":35},{"type":12,"color":6,"number":36}],"humidity":37,"pressure":10,"wind_kmh":6.8,"water_flow":56.14,"description":"foliar 10","temperature":22.8,"type_implement":1}',
    working_time: '2024-07-16T05:05:27.000Z',
    downtime: '2024-07-16T07:03:05.000Z',
    hectare: 5,
    cultivation: 1,
    product: '[1,3]',
    supervisor: 2,
    is_finished: 0,
    id_from_server: 0,
    sended: 0,
    execution_from: 1
  }
]
13:40:10:692 [ 'PRESION', { '3': 14.9 } ]
13:40:11:692 [ 'CAUDAL', { '2': 0 } ]
13:40:11:695 [ 'Comando Regulador', '22|10' ]
13:40:11:699 [ 'DERECHA ACTIVADA', true ]
13:40:11:700 [ 'Comand', '21|1' ]
13:40:11:715 [ 'VOLUMEN', { '5': 0 } ]
13:40:11:721 [ 'PRESION', { '3': 14.9 } ]
13:40:11:733 [ 'ENTRO A ESTA FUNCION' ]
13:40:12:696 [ 'CAUDAL', { '2': 0 } ]
13:40:12:704 [ 'VOLUMEN', { '5': 0 } ]
13:40:12:713 [ 'PRESION', { '3': 14.9 } ]
13:40:13:700 [ 'CAUDAL', { '2': 0 } ]
13:40:13:704 [ 'VOLUMEN', { '5': 0 } ]
13:40:13:725 [ 'PRESION', { '3': 14.9 } ]
13:40:14:703 [ 'CAUDAL', { '2': 0 } ]
13:40:14:711 [ 'VOLUMEN', { '5': 0 } ]
13:40:14:736 [ 'PRESION', { '3': 14.9 } ]
13:40:15:713 [ 'CAUDAL', { '2': 0 } ]
13:40:15:718 [ 'VOLUMEN', { '5': 0 } ]
13:40:15:728 [ 'ENTRO A ESTA FUNCION' ]
13:40:15:749 [ 'PRESION', { '3': 14.9 } ]
13:40:16:715 [ 'CAUDAL', { '2': 0 } ]
13:40:16:721 [ 'VOLUMEN', { '5': 0 } ]
13:40:16:760 [ 'PRESION', { '3': 14.9 } ]
13:40:17:721 [ 'CAUDAL', { '2': 0 } ]
13:40:17:726 [ 'VOLUMEN', { '5': 0 } ]
13:40:17:774 [ 'PRESION', { '3': 14.9 } ]
13:40:18:729 [ 'CAUDAL', { '2': 0 } ]
13:40:18:734 [ 'VOLUMEN', { '5': 0 } ]
13:40:18:792 [ 'PRESION', { '3': 14.9 } ]
13:40:19:737 [ 'CAUDAL', { '2': 0 } ]
13:40:19:745 [ 'VOLUMEN', { '5': 0 } ]
13:40:19:762 [ 'ENTRO A ESTA FUNCION' ]
13:40:19:806 [ 'PRESION', { '3': 14.9 } ]
13:40:20:744 [ 'CAUDAL', { '2': 0 } ]
13:40:20:749 [ 'VOLUMEN', { '5': 0 } ]
13:40:20:817 [ 'PRESION', { '3': 14.9 } ]
13:40:21:752 [ 'CAUDAL', { '2': 0 } ]
13:40:21:756 [ 'VOLUMEN', { '5': 0 } ]
13:40:21:828 [ 'PRESION', { '3': 14.9 } ]
13:40:22:756 [ 'CAUDAL', { '2': 0 } ]
13:40:22:760 [ 'VOLUMEN', { '5': 0 } ]
13:40:22:842 [ 'PRESION', { '3': 14.9 } ]
13:40:23:764 [ 'CAUDAL', { '2': 0 } ]
13:40:23:769 [ 'VOLUMEN', { '5': 0 } ]
13:40:23:780 [ 'ENTRO A ESTA FUNCION' ]
13:40:23:856 [ 'PRESION', { '3': 14.9 } ]
13:40:24:769 [ 'CAUDAL', { '2': 0 } ]
13:40:24:773 [ 'VOLUMEN', { '5': 0 } ]
13:40:24:867 [ 'PRESION', { '3': 14.9 } ]
13:40:25:777 [ 'CAUDAL', { '2': 0 } ]
13:40:25:782 [ 'VOLUMEN', { '5': 0 } ]
13:40:25:880 [ 'PRESION', { '3': 14.9 } ]
13:40:26:783 [ 'CAUDAL', { '2': 0 } ]
13:40:26:788 [ 'VOLUMEN', { '5': 0 } ]
13:40:26:890 [ 'PRESION', { '3': 14.9 } ]
13:40:27:792 [ 'CAUDAL', { '2': 0 } ]
13:40:27:797 [ 'VOLUMEN', { '5': 0 } ]
13:40:27:807 [ 'ENTRO A ESTA FUNCION' ]
13:40:27:904 [ 'PRESION', { '3': 14.9 } ]
13:40:28:797 [ 'CAUDAL', { '2': 5.4 } ]
13:40:28:803 [ 'ENTRO A ESTA FUNCION' ]
13:40:28:811 [ 'VOLUMEN', { '5': 0.09 } ]
13:40:28:918 [ 'PRESION', { '3': 14.9 } ]
13:40:29:803 [ 'CAUDAL', { '2': 17.67 } ]
13:40:29:807 [ 'VOLUMEN', { '5': 0.38 } ]
13:40:29:835 [ 'ENTRO A ESTA FUNCION' ]
13:40:29:929 [ 'PRESION', { '3': 12.6 } ]
13:40:30:810 [ 'CAUDAL', { '2': 25.67 } ]
13:40:30:816 [ 'VOLUMEN', { '5': 0.81 } ]
13:40:30:845 [ 'ENTRO A ESTA FUNCION' ]
13:40:30:941 [ 'PRESION', { '3': 0 } ]
13:40:31:817 [ 'CAUDAL', { '2': 25.07 } ]
13:40:31:823 [ 'VOLUMEN', { '5': 1.23 } ]
13:40:31:857 [ 'ENTRO A ESTA FUNCION' ]
13:40:31:954 [ 'PRESION', { '3': 2 } ]
13:40:32:834 [ 'CAUDAL', { '2': 14.33 } ]
13:40:32:839 [ 'VOLUMEN', { '5': 1.47 } ]
13:40:32:858 [ 'ENTRO A ESTA FUNCION' ]
13:40:32:967 [ 'PRESION', { '3': 14.7 } ]
13:40:33:830 [ 'CAUDAL', { '2': 12.93 } ]
13:40:33:834 [ 'VOLUMEN', { '5': 1.68 } ]
13:40:33:981 [ 'PRESION', { '3': 30.3 } ]
13:40:34:836 [ 'CAUDAL', { '2': 23.27 } ]
13:40:34:840 [ 'VOLUMEN', { '5': 2.07 } ]
13:40:34:851 [ 'ENTRO A ESTA FUNCION' ]
13:40:34:995 [ 'PRESION', { '3': 35.9 } ]
13:40:35:843 [ 'CAUDAL', { '2': 31.4 } ]
13:40:35:848 [ 'VOLUMEN', { '5': 2.6 } ]
13:40:35:876 [ 'ENTRO A ESTA FUNCION' ]
13:40:36:006 [ 'PRESION', { '3': 35.9 } ]
13:40:36:857 [ 'CAUDAL', { '2': 30.2 } ]
13:40:36:863 [ 'VOLUMEN', { '5': 3.1 } ]
13:40:36:894 [ 'ENTRO A ESTA FUNCION' ]
13:40:37:023 [ 'PRESION', { '3': 35.9 } ]
13:40:37:858 [ 'CAUDAL', { '2': 17.4 } ]
13:40:37:862 [ 'VOLUMEN', { '5': 3.39 } ]
13:40:37:890 [ 'ENTRO A ESTA FUNCION' ]
13:40:38:031 [ 'PRESION', { '3': 35.9 } ]
13:40:38:863 [ 'CAUDAL', { '2': 7.93 } ]
13:40:38:868 [ 'VOLUMEN', { '5': 3.52 } ]
13:40:38:881 [ 'ENTRO A ESTA FUNCION' ]
13:40:39:044 [ 'PRESION', { '3': 35.9 } ]
13:40:39:871 [ 'CAUDAL', { '2': 2.53 } ]
13:40:39:876 [ 'VOLUMEN', { '5': 3.56 } ]
13:40:39:892 [ 'ENTRO A ESTA FUNCION' ]
13:40:40:055 [ 'PRESION', { '3': 35.9 } ]
13:40:40:880 [ 'CAUDAL', { '2': 0.2 } ]
13:40:40:891 [ 'VOLUMEN', { '5': 3.57 } ]
13:40:40:920 [ 'ENTRO A ESTA FUNCION' ]
13:40:41:114 [ 'PRESION', { '3': 35.9 } ]
13:40:41:912 [ 'CAUDAL', { '2': 0 } ]
13:40:41:922 [ 'VOLUMEN', { '5': 3.57 } ]
13:40:42:082 [ 'PRESION', { '3': 35.9 } ]
13:40:42:947 [ 'CAUDAL', { '2': 0 } ]
13:40:42:954 [ 'VOLUMEN', { '5': 3.57 } ]
13:40:43:118 [ 'PRESION', { '3': 35.9 } ]
13:40:43:980 [ 'CAUDAL', { '2': 0 } ]
13:40:43:983 [ 'VOLUMEN', { '5': 3.57 } ]
13:40:44:153 [ 'PRESION', { '3': 35.9 } ]
13:40:44:902 [ 'CAUDAL', { '2': 0 } ]
13:40:44:909 [ 'VOLUMEN', { '5': 3.57 } ]
13:40:44:924 [ 'ENTRO A ESTA FUNCION' ]
13:40:45:119 [ 'PRESION', { '3': 35.9 } ]
13:40:45:907 [ 'CAUDAL', { '2': 0 } ]
13:40:45:912 [ 'VOLUMEN', { '5': 3.57 } ]
13:40:46:132 [ 'PRESION', { '3': 35.9 } ]
13:40:46:914 [ 'CAUDAL', { '2': 0 } ]
13:40:46:920 [ 'VOLUMEN', { '5': 3.57 } ]
13:40:47:145 [ 'PRESION', { '3': 35.9 } ]
13:40:47:920 [ 'CAUDAL', { '2': 0 } ]
13:40:47:925 [ 'VOLUMEN', { '5': 3.57 } ]
13:40:48:156 [ 'PRESION', { '3': 35.9 } ]
13:40:48:929 [ 'CAUDAL', { '2': 0 } ]
13:40:48:938 [ 'VOLUMEN', { '5': 3.57 } ]
13:40:48:959 [ 'ENTRO A ESTA FUNCION' ]
13:40:49:169 [ 'PRESION', { '3': 35.8 } ]
13:40:49:934 [ 'CAUDAL', { '2': 0 } ]
13:40:49:939 [ 'VOLUMEN', { '5': 3.57 } ]
13:40:50:183 [ 'PRESION', { '3': 35.9 } ]
13:40:50:939 [ 'CAUDAL', { '2': 0 } ]
13:40:50:942 [ 'VOLUMEN', { '5': 3.57 } ]
13:40:51:195 [ 'PRESION', { '3': 35.9 } ]
13:40:51:944 [ 'CAUDAL', { '2': 0 } ]
13:40:51:949 [ 'VOLUMEN', { '5': 3.57 } ]
13:40:52:208 [ 'PRESION', { '3': 35.9 } ]
13:40:52:952 [ 'CAUDAL', { '2': 0 } ]
13:40:52:956 [ 'VOLUMEN', { '5': 3.57 } ]
13:40:52:970 [ 'ENTRO A ESTA FUNCION' ]
13:40:53:218 [ 'PRESION', { '3': 35.9 } ]
13:41:03:886 [ 'PRESION', { '3': 35.8 } ]
13:41:04:891 [ 'CAUDAL', { '2': 0 } ]
13:41:04:895 [ 'VOLUMEN', { '5': 0 } ]
13:41:04:900 [ 'PRESION', { '3': 35.8 } ]
13:41:04:911 [ 'ENTRO A ESTA FUNCION' ]
13:41:05:893 [ 'CAUDAL', { '2': 0 } ]
13:41:05:896 [ 'VOLUMEN', { '5': 0 } ]
13:41:05:915 [ 'PRESION', { '3': 35.9 } ]
13:41:06:900 [ 'CAUDAL', { '2': 0 } ]
13:41:06:903 [ 'VOLUMEN', { '5': 0 } ]
13:41:06:925 [ 'PRESION', { '3': 35.9 } ]
13:41:07:904 [ 'CAUDAL', { '2': 0 } ]
13:41:07:909 [ 'VOLUMEN', { '5': 0 } ]
13:41:07:937 [ 'PRESION', { '3': 35.9 } ]
13:41:08:910 [ 'CAUDAL', { '2': 0 } ]
13:41:08:916 [ 'VOLUMEN', { '5': 0 } ]
13:41:08:929 [ 'ENTRO A ESTA FUNCION' ]
13:41:08:950 [ 'PRESION', { '3': 35.9 } ]
13:41:09:915 [ 'CAUDAL', { '2': 0 } ]
13:41:09:919 [ 'VOLUMEN', { '5': 0 } ]
13:41:09:961 [ 'PRESION', { '3': 35.9 } ]
13:41:10:922 [ 'CAUDAL', { '2': 0 } ]
13:41:10:928 [ 'VOLUMEN', { '5': 0 } ]
13:41:10:973 [ 'PRESION', { '3': 35.9 } ]
13:41:11:929 [ 'CAUDAL', { '2': 0 } ]
13:41:11:933 [ 'VOLUMEN', { '5': 0 } ]
13:41:11:986 [ 'PRESION', { '3': 35.9 } ]
13:41:12:935 [ 'CAUDAL', { '2': 0 } ]
13:41:12:939 [ 'VOLUMEN', { '5': 0 } ]
13:41:12:949 [ 'ENTRO A ESTA FUNCION' ]
13:41:13:007 [ 'PRESION', { '3': 35.9 } ]
13:41:13:941 [ 'CAUDAL', { '2': 0 } ]
13:41:13:946 [ 'VOLUMEN', { '5': 0 } ]
13:41:14:018 [ 'PRESION', { '3': 35.8 } ]
13:41:14:946 [ 'CAUDAL', { '2': 0 } ]
13:41:14:951 [ 'VOLUMEN', { '5': 0 } ]
13:41:15:031 [ 'PRESION', { '3': 35.9 } ]
13:41:15:954 [ 'CAUDAL', { '2': 0 } ]
13:41:15:960 [ 'VOLUMEN', { '5': 0 } ]
13:41:16:043 [ 'PRESION', { '3': 35.9 } ]
13:41:16:960 [ 'CAUDAL', { '2': 0 } ]
13:41:16:965 [ 'VOLUMEN', { '5': 0 } ]
13:41:16:974 [ 'ENTRO A ESTA FUNCION' ]
13:41:17:055 [ 'PRESION', { '3': 35.9 } ]
13:41:17:969 [ 'CAUDAL', { '2': 0 } ]
13:41:17:973 [ 'VOLUMEN', { '5': 0 } ]
13:41:18:067 [ 'PRESION', { '3': 35.9 } ]
13:41:18:973 [ 'CAUDAL', { '2': 0 } ]
13:41:18:978 [ 'VOLUMEN', { '5': 0 } ]
13:41:19:080 [ 'PRESION', { '3': 35.9 } ]
13:41:19:981 [ 'CAUDAL', { '2': 0 } ]
13:41:19:987 [ 'VOLUMEN', { '5': 0 } ]
13:41:20:093 [ 'PRESION', { '3': 35.9 } ]
13:41:20:987 [ 'CAUDAL', { '2': 0 } ]
13:41:20:992 [ 'VOLUMEN', { '5': 0 } ]
13:41:21:005 [ 'ENTRO A ESTA FUNCION' ]
13:41:21:107 [ 'PRESION', { '3': 35.9 } ]
13:41:21:994 [ 'CAUDAL', { '2': 0 } ]
13:41:21:999 [ 'VOLUMEN', { '5': 0 } ]
13:41:22:120 [ 'PRESION', { '3': 35.9 } ]
13:41:23:002 [ 'CAUDAL', { '2': 0 } ]
13:41:23:006 [ 'VOLUMEN', { '5': 0 } ]
13:41:23:133 [ 'PRESION', { '3': 35.9 } ]
13:41:24:010 [ 'CAUDAL', { '2': 0 } ]
13:41:24:015 [ 'VOLUMEN', { '5': 0 } ]
13:41:24:145 [ 'PRESION', { '3': 35.9 } ]
13:41:25:015 [ 'CAUDAL', { '2': 0 } ]
13:41:25:018 [ 'VOLUMEN', { '5': 0 } ]
13:41:25:031 [ 'ENTRO A ESTA FUNCION' ]
13:41:25:159 [ 'PRESION', { '3': 35.9 } ]
13:41:26:021 [ 'CAUDAL', { '2': 0 } ]
13:41:26:026 [ 'VOLUMEN', { '5': 0 } ]
13:41:26:170 [ 'PRESION', { '3': 35.9 } ]
13:41:27:029 [ 'CAUDAL', { '2': 0 } ]
13:41:27:032 [ 'VOLUMEN', { '5': 0 } ]
13:41:27:184 [ 'PRESION', { '3': 35.9 } ]
13:41:28:034 [ 'CAUDAL', { '2': 0 } ]
13:41:28:038 [ 'VOLUMEN', { '5': 0 } ]
13:41:28:196 [ 'PRESION', { '3': 35.8 } ]
13:41:29:040 [ 'CAUDAL', { '2': 0 } ]
13:41:29:048 [ 'VOLUMEN', { '5': 0 } ]
13:41:29:071 [ 'ENTRO A ESTA FUNCION' ]
13:41:29:210 [ 'PRESION', { '3': 35.9 } ]
13:41:30:048 [ 'CAUDAL', { '2': 0 } ]
13:41:30:057 [ 'VOLUMEN', { '5': 0 } ]
13:41:30:220 [ 'PRESION', { '3': 35.9 } ]
13:41:31:054 [ 'CAUDAL', { '2': 0 } ]
13:41:31:058 [ 'VOLUMEN', { '5': 0 } ]
13:41:31:232 [ 'PRESION', { '3': 35.9 } ]
13:41:32:061 [ 'CAUDAL', { '2': 0 } ]
13:41:32:065 [ 'VOLUMEN', { '5': 0 } ]
13:41:32:244 [ 'PRESION', { '3': 35.9 } ]
13:41:33:066 [ 'CAUDAL', { '2': 0 } ]
13:41:33:070 [ 'VOLUMEN', { '5': 0 } ]
13:41:33:080 [ 'ENTRO A ESTA FUNCION' ]
13:41:33:257 [ 'PRESION', { '3': 35.9 } ]
13:41:34:074 [ 'CAUDAL', { '2': 0 } ]
13:41:34:079 [ 'VOLUMEN', { '5': 0 } ]
13:41:34:270 [ 'PRESION', { '3': 35.9 } ]
13:41:35:078 [ 'CAUDAL', { '2': 0 } ]
13:41:35:082 [ 'VOLUMEN', { '5': 0 } ]
13:41:35:282 [ 'PRESION', { '3': 35.9 } ]
13:41:36:085 [ 'CAUDAL', { '2': 0 } ]
13:41:36:090 [ 'VOLUMEN', { '5': 0 } ]
13:41:36:295 [ 'PRESION', { '3': 35.9 } ]
13:41:37:092 [ 'CAUDAL', { '2': 0 } ]
13:41:37:098 [ 'VOLUMEN', { '5': 0 } ]
13:41:37:110 [ 'ENTRO A ESTA FUNCION' ]
13:41:37:308 [ 'PRESION', { '3': 35.9 } ]
13:41:38:326 [ 'CAUDAL', { '2': 0 } ]
13:41:38:330 [ 'VOLUMEN', { '5': 0 } ]
13:41:38:341 [ 'PRESION', { '3': 35.9 } ]
13:41:39:135 [ 'CAUDAL', { '2': 0 } ]
13:41:39:140 [ 'VOLUMEN', { '5': 0 } ]
13:41:39:357 [ 'PRESION', { '3': 35.9 } ]
13:41:40:143 [ 'CAUDAL', { '2': 0 } ]
13:41:40:147 [ 'VOLUMEN', { '5': 0 } ]
13:41:40:371 [ 'PRESION', { '3': 35.9 } ]
13:41:41:148 [ 'CAUDAL', { '2': 0 } ]
13:41:41:153 [ 'VOLUMEN', { '5': 0 } ]
13:41:41:164 [ 'ENTRO A ESTA FUNCION' ]
13:41:41:382 [ 'PRESION', { '3': 35.9 } ]
13:41:42:265 [ 'CAUDAL', { '2': 0 } ]
13:41:42:271 [ 'VOLUMEN', { '5': 0 } ]
13:41:42:438 [ 'PRESION', { '3': 35.9 } ]
13:41:43:159 [ 'CAUDAL', { '2': 0 } ]
13:41:43:164 [ 'VOLUMEN', { '5': 0 } ]
13:41:43:476 [ 'PRESION', { '3': 35.9 } ]
13:41:44:167 [ 'CAUDAL', { '2': 0 } ]
13:41:44:172 [ 'VOLUMEN', { '5': 0 } ]
13:41:44:511 [ 'PRESION', { '3': 35.8 } ]
13:41:45:174 [ 'CAUDAL', { '2': 0 } ]
13:41:45:180 [ 'VOLUMEN', { '5': 0 } ]
13:41:45:193 [ 'ENTRO A ESTA FUNCION' ]
13:41:45:432 [ 'PRESION', { '3': 35.9 } ]
13:41:46:180 [ 'CAUDAL', { '2': 0 } ]
13:41:46:185 [ 'VOLUMEN', { '5': 0 } ]
13:41:46:444 [ 'PRESION', { '3': 35.9 } ]
13:41:47:188 [ 'CAUDAL', { '2': 0 } ]
13:41:47:191 [ 'VOLUMEN', { '5': 0 } ]
13:41:47:456 [ 'PRESION', { '3': 35.9 } ]
13:41:48:194 [ 'CAUDAL', { '2': 0 } ]
13:41:48:198 [ 'VOLUMEN', { '5': 0 } ]
13:41:48:469 [ 'PRESION', { '3': 35.8 } ]
13:41:49:202 [ 'CAUDAL', { '2': 0 } ]
13:41:49:207 [ 'VOLUMEN', { '5': 0 } ]
13:41:49:221 [ 'ENTRO A ESTA FUNCION' ]
13:41:49:481 [ 'PRESION', { '3': 35.9 } ]
13:41:50:209 [ 'CAUDAL', { '2': 0 } ]
13:41:50:215 [ 'VOLUMEN', { '5': 0 } ]
13:41:50:494 [ 'PRESION', { '3': 35.9 } ]
13:41:51:215 [ 'CAUDAL', { '2': 0 } ]
13:41:51:218 [ 'VOLUMEN', { '5': 0 } ]
13:41:51:508 [ 'PRESION', { '3': 35.8 } ]
13:41:52:220 [ 'CAUDAL', { '2': 0 } ]
13:41:52:224 [ 'VOLUMEN', { '5': 0 } ]
13:41:52:519 [ 'PRESION', { '3': 35.9 } ]
13:41:53:228 [ 'CAUDAL', { '2': 0 } ]
13:41:53:233 [ 'VOLUMEN', { '5': 0 } ]
13:41:53:245 [ 'ENTRO A ESTA FUNCION' ]
13:41:53:533 [ 'PRESION', { '3': 35.9 } ]
13:41:54:235 [ 'CAUDAL', { '2': 0 } ]
13:41:54:240 [ 'VOLUMEN', { '5': 0 } ]
13:41:54:544 [ 'PRESION', { '3': 35.9 } ]
13:41:55:242 [ 'CAUDAL', { '2': 0 } ]
13:41:55:250 [ 'VOLUMEN', { '5': 0 } ]
13:41:55:558 [ 'PRESION', { '3': 35.9 } ]
13:41:56:247 [ 'CAUDAL', { '2': 0 } ]
13:41:56:251 [ 'VOLUMEN', { '5': 0 } ]
13:41:56:570 [ 'PRESION', { '3': 35.8 } ]
13:41:57:252 [ 'CAUDAL', { '2': 0 } ]
13:41:57:257 [ 'VOLUMEN', { '5': 0 } ]
13:41:57:270 [ 'ENTRO A ESTA FUNCION' ]
13:41:57:582 [ 'PRESION', { '3': 35.8 } ]
13:41:58:258 [ 'CAUDAL', { '2': 0 } ]
13:41:58:263 [ 'VOLUMEN', { '5': 0 } ]
13:41:58:596 [ 'PRESION', { '3': 35.9 } ]
13:41:59:264 [ 'CAUDAL', { '2': 0 } ]
13:41:59:268 [ 'VOLUMEN', { '5': 0 } ]
13:41:59:610 [ 'PRESION', { '3': 35.9 } ]
13:42:00:270 [ 'CAUDAL', { '2': 0 } ]
13:42:00:274 [ 'VOLUMEN', { '5': 0 } ]
13:42:00:619 [ 'PRESION', { '3': 35.9 } ]
13:42:01:275 [ 'CAUDAL', { '2': 0 } ]
13:42:01:281 [ 'VOLUMEN', { '5': 0 } ]
13:42:01:295 [ 'ENTRO A ESTA FUNCION' ]
13:42:01:632 [ 'PRESION', { '3': 35.9 } ]
13:42:02:281 [ 'CAUDAL', { '2': 0 } ]
13:42:02:285 [ 'VOLUMEN', { '5': 0 } ]
13:42:02:644 [ 'PRESION', { '3': 35.9 } ]
13:42:03:286 [ 'CAUDAL', { '2': 0 } ]
13:42:03:293 [ 'VOLUMEN', { '5': 0 } ]
13:42:03:657 [ 'PRESION', { '3': 35.9 } ]
13:42:04:291 [ 'CAUDAL', { '2': 0 } ]
13:42:04:298 [ 'VOLUMEN', { '5': 0 } ]
13:42:04:669 [ 'PRESION', { '3': 35.9 } ]
13:42:05:298 [ 'CAUDAL', { '2': 0 } ]
13:42:05:302 [ 'VOLUMEN', { '5': 0 } ]
13:42:05:313 [ 'ENTRO A ESTA FUNCION' ]
13:42:05:732 [ 'PRESION', { '3': 23.5 } ]
13:42:06:311 [ 'CAUDAL', { '2': 0.27 } ]
13:42:06:316 [ 'VOLUMEN', { '5': 0 } ]
13:42:06:324 [ 'ENTRO A ESTA FUNCION' ]
13:42:06:694 [ 'PRESION', { '3': 15 } ]
13:42:07:310 [ 'CAUDAL', { '2': 7.93 } ]
13:42:07:315 [ 'VOLUMEN', { '5': 0.14 } ]
13:42:07:712 [ 'PRESION', { '3': 28 } ]
13:42:08:314 [ 'CAUDAL', { '2': 21.67 } ]
13:42:08:319 [ 'VOLUMEN', { '5': 0.5 } ]
13:42:08:348 [ 'ENTRO A ESTA FUNCION' ]
13:42:08:719 [ 'PRESION', { '3': 34 } ]
13:42:09:320 [ 'CAUDAL', { '2': 29.93 } ]
13:42:09:324 [ 'VOLUMEN', { '5': 1 } ]
13:42:09:339 [ 'ENTRO A ESTA FUNCION' ]
13:42:09:730 [ 'PRESION', { '3': 36.2 } ]
13:42:10:327 [ 'CAUDAL', { '2': 27.27 } ]
13:42:10:333 [ 'VOLUMEN', { '5': 1.45 } ]
13:42:10:350 [ 'ENTRO A ESTA FUNCION' ]
13:42:10:744 [ 'PRESION', { '3': 38.6 } ]
13:42:11:332 [ 'CAUDAL', { '2': 17.67 } ]
13:42:11:338 [ 'VOLUMEN', { '5': 1.75 } ]
13:42:11:357 [ 'ENTRO A ESTA FUNCION' ]
13:42:11:755 [ 'PRESION', { '3': 41.7 } ]
13:42:12:339 [ 'CAUDAL', { '2': 27.2 } ]
13:42:12:343 [ 'VOLUMEN', { '5': 2.2 } ]
13:42:12:365 [ 'ENTRO A ESTA FUNCION' ]
13:42:12:767 [ 'PRESION', { '3': 44.5 } ]
13:42:13:344 [ 'CAUDAL', { '2': 41.6 } ]
13:42:13:348 [ 'VOLUMEN', { '5': 2.89 } ]
13:42:13:378 [ 'ENTRO A ESTA FUNCION' ]
13:42:13:779 [ 'PRESION', { '3': 46.6 } ]
13:42:14:351 [ 'CAUDAL', { '2': 47.6 } ]
13:42:14:356 [ 'VOLUMEN', { '5': 3.69 } ]
13:42:14:371 [ 'ENTRO A ESTA FUNCION' ]
13:42:14:792 [ 'PRESION', { '3': 49 } ]
13:42:15:356 [ 'CAUDAL', { '2': 35.87 } ]
13:42:15:361 [ 'VOLUMEN', { '5': 4.28 } ]
13:42:15:378 [ 'ENTRO A ESTA FUNCION' ]
13:42:15:810 [ 'PRESION', { '3': 48.9 } ]
13:42:16:362 [ 'CAUDAL', { '2': 31 } ]
13:42:16:369 [ 'VOLUMEN', { '5': 4.8 } ]
13:42:16:397 [ 'ENTRO A ESTA FUNCION' ]
13:42:16:834 [ 'PRESION', { '3': 48.9 } ]
13:42:17:370 [ 'CAUDAL', { '2': 36.8 } ]
13:42:17:375 [ 'VOLUMEN', { '5': 5.41 } ]
13:42:17:393 [ 'ENTRO A ESTA FUNCION' ]
13:42:17:829 [ 'PRESION', { '3': 44.2 } ]
13:42:18:375 [ 'CAUDAL', { '2': 39.8 } ]
13:42:18:380 [ 'VOLUMEN', { '5': 6.08 } ]
13:42:18:394 [ 'ENTRO A ESTA FUNCION' ]
13:42:18:842 [ 'PRESION', { '3': 42.3 } ]
13:42:19:381 [ 'CAUDAL', { '2': 31 } ]
13:42:19:385 [ 'VOLUMEN', { '5': 6.59 } ]
13:42:19:407 [ 'ENTRO A ESTA FUNCION' ]
13:42:19:853 [ 'PRESION', { '3': 42.3 } ]
13:42:20:388 [ 'CAUDAL', { '2': 17.53 } ]
13:42:20:392 [ 'VOLUMEN', { '5': 6.89 } ]
13:42:20:409 [ 'ENTRO A ESTA FUNCION' ]
13:42:20:868 [ 'PRESION', { '3': 42.3 } ]
13:42:21:393 [ 'CAUDAL', { '2': 8.47 } ]
13:42:21:397 [ 'VOLUMEN', { '5': 7.03 } ]
13:42:21:412 [ 'ENTRO A ESTA FUNCION' ]
13:42:21:880 [ 'PRESION', { '3': 42.3 } ]
13:42:22:400 [ 'CAUDAL', { '2': 2.73 } ]
13:42:22:404 [ 'VOLUMEN', { '5': 7.07 } ]
13:42:22:417 [ 'ENTRO A ESTA FUNCION' ]
13:42:22:892 [ 'PRESION', { '3': 42.3 } ]
13:42:23:407 [ 'CAUDAL', { '2': 0.27 } ]
13:42:23:411 [ 'VOLUMEN', { '5': 7.08 } ]
13:42:23:451 [ 'ENTRO A ESTA FUNCION' ]
13:42:23:904 [ 'PRESION', { '3': 42.3 } ]
13:42:24:414 [ 'CAUDAL', { '2': 0 } ]
13:42:24:418 [ 'VOLUMEN', { '5': 7.08 } ]
13:42:24:917 [ 'PRESION', { '3': 42.3 } ]
13:42:25:419 [ 'CAUDAL', { '2': 0 } ]
13:42:25:423 [ 'VOLUMEN', { '5': 7.08 } ]
13:42:25:930 [ 'PRESION', { '3': 42.3 } ]
13:42:26:425 [ 'CAUDAL', { '2': 0 } ]
13:42:26:430 [ 'VOLUMEN', { '5': 7.08 } ]
13:42:26:944 [ 'PRESION', { '3': 42.3 } ]
13:42:27:431 [ 'CAUDAL', { '2': 0 } ]
13:42:27:434 [ 'VOLUMEN', { '5': 7.08 } ]
13:42:27:449 [ 'ENTRO A ESTA FUNCION' ]
13:42:27:957 [ 'PRESION', { '3': 42.3 } ]
13:42:28:437 [ 'CAUDAL', { '2': 0 } ]
13:42:28:442 [ 'VOLUMEN', { '5': 7.08 } ]
13:42:28:969 [ 'PRESION', { '3': 42.3 } ]
13:42:29:448 [ 'CAUDAL', { '2': 0 } ]
13:42:29:452 [ 'VOLUMEN', { '5': 0 } ]
13:42:29:979 [ 'PRESION', { '3': 42.3 } ]
13:42:30:453 [ 'CAUDAL', { '2': 0 } ]
13:42:30:457 [ 'VOLUMEN', { '5': 0 } ]
13:42:30:991 [ 'PRESION', { '3': 42.3 } ]
13:42:31:455 [ 'CAUDAL', { '2': 0 } ]
13:42:31:459 [ 'VOLUMEN', { '5': 0 } ]
13:42:31:471 [ 'ENTRO A ESTA FUNCION' ]
13:42:32:005 [ 'PRESION', { '3': 42.3 } ]
13:42:32:459 [ 'CAUDAL', { '2': 0 } ]
13:42:32:463 [ 'VOLUMEN', { '5': 0 } ]
13:42:33:015 [ 'PRESION', { '3': 42.2 } ]
13:42:33:462 [ 'CAUDAL', { '2': 0 } ]
13:42:33:466 [ 'VOLUMEN', { '5': 0 } ]
13:42:34:028 [ 'PRESION', { '3': 42.3 } ]
13:42:34:468 [ 'CAUDAL', { '2': 0 } ]
13:42:34:472 [ 'VOLUMEN', { '5': 0 } ]
13:42:35:042 [ 'PRESION', { '3': 42.2 } ]
13:42:35:473 [ 'CAUDAL', { '2': 1.6 } ]
13:42:35:478 [ 'VOLUMEN', { '5': 0.03 } ]
13:42:35:498 [ 'ENTRO A ESTA FUNCION' ]
13:42:36:054 [ 'PRESION', { '3': 42.2 } ]
13:42:36:480 [ 'CAUDAL', { '2': 14.27 } ]
13:42:36:484 [ 'VOLUMEN', { '5': 0.26 } ]
13:42:36:503 [ 'ENTRO A ESTA FUNCION' ]
13:42:37:066 [ 'PRESION', { '3': 32.8 } ]
13:42:37:488 [ 'CAUDAL', { '2': 23.4 } ]
13:42:37:492 [ 'VOLUMEN', { '5': 0.65 } ]
13:42:37:509 [ 'ENTRO A ESTA FUNCION' ]
13:42:38:079 [ 'PRESION', { '3': 28.7 } ]
13:42:38:494 [ 'CAUDAL', { '2': 27.2 } ]
13:42:38:500 [ 'VOLUMEN', { '5': 1.11 } ]
13:42:38:529 [ 'ENTRO A ESTA FUNCION' ]
13:42:39:090 [ 'PRESION', { '3': 28.7 } ]
13:42:39:500 [ 'CAUDAL', { '2': 17.07 } ]
13:42:39:505 [ 'VOLUMEN', { '5': 1.39 } ]
13:42:39:524 [ 'ENTRO A ESTA FUNCION' ]
13:42:40:103 [ 'PRESION', { '3': 28.7 } ]
13:42:40:505 [ 'CAUDAL', { '2': 8.27 } ]
13:42:40:509 [ 'VOLUMEN', { '5': 1.53 } ]
13:42:40:524 [ 'ENTRO A ESTA FUNCION' ]
13:42:41:120 [ 'PRESION', { '3': 28.7 } ]
13:42:41:513 [ 'CAUDAL', { '2': 2.87 } ]
13:42:41:517 [ 'VOLUMEN', { '5': 1.58 } ]
13:42:41:532 [ 'ENTRO A ESTA FUNCION' ]
13:42:42:129 [ 'PRESION', { '3': 28.7 } ]
13:42:42:606 [ 'CAUDAL', { '2': 0.33 } ]
13:42:42:611 [ 'VOLUMEN', { '5': 1.58 } ]
13:42:42:627 [ 'ENTRO A ESTA FUNCION' ]
13:42:43:142 [ 'PRESION', { '3': 28.7 } ]
13:42:43:641 [ 'CAUDAL', { '2': 0 } ]
13:42:43:644 [ 'VOLUMEN', { '5': 1.58 } ]
13:42:44:158 [ 'PRESION', { '3': 28.7 } ]
13:42:44:529 [ 'CAUDAL', { '2': 0 } ]
13:42:44:534 [ 'VOLUMEN', { '5': 1.58 } ]
13:42:45:167 [ 'PRESION', { '3': 28.7 } ]
13:42:45:535 [ 'CAUDAL', { '2': 0 } ]
13:42:45:540 [ 'VOLUMEN', { '5': 1.58 } ]
13:42:46:179 [ 'PRESION', { '3': 28.7 } ]
13:42:46:544 [ 'CAUDAL', { '2': 0 } ]
13:42:46:548 [ 'VOLUMEN', { '5': 1.58 } ]
13:42:47:191 [ 'PRESION', { '3': 28.7 } ]
13:42:47:549 [ 'CAUDAL', { '2': 0 } ]
13:42:47:552 [ 'VOLUMEN', { '5': 1.58 } ]
13:42:47:562 [ 'ENTRO A ESTA FUNCION' ]
13:42:48:205 [ 'PRESION', { '3': 28.7 } ]
13:42:48:555 [ 'CAUDAL', { '2': 0 } ]
13:42:48:559 [ 'VOLUMEN', { '5': 1.58 } ]
13:42:49:218 [ 'PRESION', { '3': 28.7 } ]
13:42:49:562 [ 'CAUDAL', { '2': 0 } ]
13:42:49:568 [ 'VOLUMEN', { '5': 1.58 } ]
13:42:50:232 [ 'PRESION', { '3': 28.7 } ]
13:42:50:570 [ 'CAUDAL', { '2': 0 } ]
13:42:50:575 [ 'VOLUMEN', { '5': 1.58 } ]
13:42:51:243 [ 'PRESION', { '3': 28.7 } ]
13:42:51:575 [ 'CAUDAL', { '2': 0 } ]
13:42:51:579 [ 'VOLUMEN', { '5': 1.58 } ]
13:42:51:592 [ 'ENTRO A ESTA FUNCION' ]
13:42:52:255 [ 'PRESION', { '3': 28.7 } ]
13:42:52:581 [ 'CAUDAL', { '2': 0 } ]
13:42:52:586 [ 'VOLUMEN', { '5': 1.58 } ]
13:42:53:268 [ 'PRESION', { '3': 28.7 } ]
13:42:53:587 [ 'CAUDAL', { '2': 0 } ]
13:42:53:591 [ 'VOLUMEN', { '5': 1.58 } ]
13:42:54:281 [ 'PRESION', { '3': 28.7 } ]
13:42:54:592 [ 'CAUDAL', { '2': 0 } ]
13:42:54:597 [ 'VOLUMEN', { '5': 1.58 } ]
13:42:55:292 [ 'PRESION', { '3': 28.7 } ]
13:42:55:599 [ 'CAUDAL', { '2': 0 } ]
13:42:55:603 [ 'VOLUMEN', { '5': 1.58 } ]
13:42:55:617 [ 'ENTRO A ESTA FUNCION' ]
13:42:56:305 [ 'PRESION', { '3': 28.7 } ]
13:42:56:604 [ 'CAUDAL', { '2': 0 } ]
13:42:56:610 [ 'VOLUMEN', { '5': 1.58 } ]
13:42:57:316 [ 'PRESION', { '3': 28.7 } ]
13:42:57:610 [ 'CAUDAL', { '2': 0 } ]
13:42:57:615 [ 'VOLUMEN', { '5': 1.58 } ]
13:42:58:332 [ 'PRESION', { '3': 28.7 } ]
13:42:58:617 [ 'CAUDAL', { '2': 0 } ]
13:42:58:621 [ 'VOLUMEN', { '5': 1.58 } ]
13:42:59:344 [ 'PRESION', { '3': 28.7 } ]
13:42:59:621 [ 'CAUDAL', { '2': 0 } ]
13:42:59:628 [ 'VOLUMEN', { '5': 1.58 } ]
13:42:59:640 [ 'ENTRO A ESTA FUNCION' ]
13:43:00:403 [ 'PRESION', { '3': 28.7 } ]
13:43:00:627 [ 'CAUDAL', { '2': 0 } ]
13:43:00:631 [ 'VOLUMEN', { '5': 1.58 } ]
13:43:01:402 [ 'PRESION', { '3': 28.7 } ]
13:43:01:632 [ 'CAUDAL', { '2': 0 } ]
13:43:01:636 [ 'VOLUMEN', { '5': 1.58 } ]
13:43:02:401 [ 'PRESION', { '3': 28.7 } ]
13:43:02:638 [ 'CAUDAL', { '2': 0 } ]
13:43:02:642 [ 'VOLUMEN', { '5': 1.58 } ]
13:43:03:401 [ 'PRESION', { '3': 28.7 } ]
13:43:03:645 [ 'CAUDAL', { '2': 0 } ]
13:43:03:651 [ 'VOLUMEN', { '5': 1.58 } ]
13:43:03:662 [ 'ENTRO A ESTA FUNCION' ]
13:43:04:405 [ 'PRESION', { '3': 28.7 } ]
13:43:04:702 [ 'CAUDAL', { '2': 0 } ]
13:43:04:708 [ 'VOLUMEN', { '5': 1.58 } ]
13:43:05:450 [ 'PRESION', { '3': 28.7 } ]
13:43:05:656 [ 'CAUDAL', { '2': 0 } ]
13:43:05:660 [ 'VOLUMEN', { '5': 1.58 } ]
13:43:06:429 [ 'PRESION', { '3': 28.7 } ]
13:43:06:669 [ 'CAUDAL', { '2': 0 } ]
13:43:06:674 [ 'VOLUMEN', { '5': 1.58 } ]
13:43:07:471 [ 'PRESION', { '3': 28.7 } ]
13:43:07:668 [ 'CAUDAL', { '2': 0 } ]
13:43:07:672 [ 'VOLUMEN', { '5': 1.58 } ]
13:43:07:683 [ 'ENTRO A ESTA FUNCION' ]
13:43:08:457 [ 'PRESION', { '3': 28.7 } ]
13:43:08:673 [ 'CAUDAL', { '2': 0 } ]
13:43:08:677 [ 'VOLUMEN', { '5': 1.58 } ]
13:43:09:467 [ 'PRESION', { '3': 28.7 } ]
13:43:09:679 [ 'CAUDAL', { '2': 0 } ]
13:43:09:683 [ 'VOLUMEN', { '5': 1.58 } ]
13:43:10:481 [ 'PRESION', { '3': 28.7 } ]
13:43:10:686 [ 'CAUDAL', { '2': 0 } ]
13:43:10:690 [ 'VOLUMEN', { '5': 1.58 } ]
13:43:11:492 [ 'PRESION', { '3': 28.7 } ]
13:43:11:769 [ 'CAUDAL', { '2': 0 } ]
13:43:11:773 [ 'VOLUMEN', { '5': 1.58 } ]
13:43:11:785 [ 'ENTRO A ESTA FUNCION' ]
13:43:12:505 [ 'PRESION', { '3': 28.7 } ]
13:43:12:697 [ 'CAUDAL', { '2': 0 } ]
13:43:12:701 [ 'VOLUMEN', { '5': 1.58 } ]
13:43:13:518 [ 'PRESION', { '3': 28.7 } ]
13:43:13:704 [ 'CAUDAL', { '2': 0 } ]
13:43:13:707 [ 'VOLUMEN', { '5': 1.58 } ]
13:43:14:530 [ 'PRESION', { '3': 28.6 } ]
13:43:14:710 [ 'CAUDAL', { '2': 0 } ]
13:43:14:714 [ 'VOLUMEN', { '5': 1.58 } ]
13:43:15:569 [ 'PRESION', { '3': 28.7 } ]
13:43:15:718 [ 'CAUDAL', { '2': 0 } ]
13:43:15:730 [ 'VOLUMEN', { '5': 1.58 } ]
13:43:16:554 [ 'PRESION', { '3': 28.7 } ]
13:43:16:722 [ 'CAUDAL', { '2': 0 } ]
13:43:16:725 [ 'VOLUMEN', { '5': 1.58 } ]
13:43:16:737 [ 'ENTRO A ESTA FUNCION' ]
13:43:17:568 [ 'PRESION', { '3': 28.7 } ]
13:43:17:788 [ 'CAUDAL', { '2': 0 } ]
13:43:17:792 [ 'VOLUMEN', { '5': 1.58 } ]
